<?xml version="1.0" encoding="UTF-8"?>
<testsuite xmlns:xsi="http://www.w3.org/2001/XMLSchema-instance" xsi:noNamespaceSchemaLocation="https://maven.apache.org/surefire/maven-surefire-plugin/xsd/surefire-test-report-3.0.xsd" version="3.0" name="randoop.RegressionTest1" time="0.16" tests="500" errors="0" skipped="0" failures="0">
  <properties>
[...]
</properties>
  <testcase name="test0501" classname="randoop.RegressionTest1" time="0.001">
    <system-out><![CDATA[✅ Reservation added successfully!
✅ Reservation added successfully!
]]></system-out>
  </testcase>
  <testcase name="test0502" classname="randoop.RegressionTest1" time="0.001"/>
  <testcase name="test0503" classname="randoop.RegressionTest1" time="0.0">
    <system-out><![CDATA[✅ Reservation added successfully!
]]></system-out>
  </testcase>
  <testcase name="test0504" classname="randoop.RegressionTest1" time="0.002">
    <system-out><![CDATA[✅ Reservation added successfully!
✅ Reservation added successfully!
✅ Reservation added successfully!
✅ Reservation added successfully!
✅ Reservation added successfully!
✅ Reservation added successfully!
]]></system-out>
  </testcase>
  <testcase name="test0505" classname="randoop.RegressionTest1" time="0.0">
    <system-out><![CDATA[✅ Reservation added successfully!
]]></system-out>
  </testcase>
  <testcase name="test0506" classname="randoop.RegressionTest1" time="0.001"/>
  <testcase name="test0507" classname="randoop.RegressionTest1" time="0.0">
    <system-out><![CDATA[✅ Reservation added successfully!
✅ Reservation added successfully!
✅ Reservation added successfully!
]]></system-out>
  </testcase>
  <testcase name="test0508" classname="randoop.RegressionTest1" time="0.0"/>
  <testcase name="test0509" classname="randoop.RegressionTest1" time="0.001"/>
  <testcase name="test0510" classname="randoop.RegressionTest1" time="0.0"/>
  <testcase name="test0511" classname="randoop.RegressionTest1" time="0.0">
    <system-out><![CDATA[✅ Reservation added successfully!
✅ Reservation added successfully!
]]></system-out>
  </testcase>
  <testcase name="test0512" classname="randoop.RegressionTest1" time="0.0"/>
  <testcase name="test0513" classname="randoop.RegressionTest1" time="0.001"/>
  <testcase name="test0514" classname="randoop.RegressionTest1" time="0.0"/>
  <testcase name="test0515" classname="randoop.RegressionTest1" time="0.001"/>
  <testcase name="test0516" classname="randoop.RegressionTest1" time="0.0"/>
  <testcase name="test0517" classname="randoop.RegressionTest1" time="0.0"/>
  <testcase name="test0518" classname="randoop.RegressionTest1" time="0.0">
    <system-out><![CDATA[✅ Reservation added successfully!
✅ Reservation added successfully!
]]></system-out>
  </testcase>
  <testcase name="test0519" classname="randoop.RegressionTest1" time="0.002">
    <system-out><![CDATA[✅ Reservation added successfully!
✅ Reservation added successfully!
✅ Reservation added successfully!
✅ Reservation added successfully!
✅ Reservation added successfully!
]]></system-out>
  </testcase>
  <testcase name="test0520" classname="randoop.RegressionTest1" time="0.0">
    <system-out><![CDATA[✅ Reservation added successfully!
✅ Reservation added successfully!
✅ Reservation added successfully!
✅ Reservation added successfully!
]]></system-out>
  </testcase>
  <testcase name="test0521" classname="randoop.RegressionTest1" time="0.0">
    <system-out><![CDATA[✅ Reservation added successfully!
]]></system-out>
  </testcase>
  <testcase name="test0522" classname="randoop.RegressionTest1" time="0.001"/>
  <testcase name="test0523" classname="randoop.RegressionTest1" time="0.0"/>
  <testcase name="test0524" classname="randoop.RegressionTest1" time="0.0"/>
  <testcase name="test0525" classname="randoop.RegressionTest1" time="0.0"/>
  <testcase name="test0526" classname="randoop.RegressionTest1" time="0.0"/>
  <testcase name="test0527" classname="randoop.RegressionTest1" time="0.001"/>
  <testcase name="test0528" classname="randoop.RegressionTest1" time="0.0"/>
  <testcase name="test0529" classname="randoop.RegressionTest1" time="0.0"/>
  <testcase name="test0530" classname="randoop.RegressionTest1" time="0.0"/>
  <testcase name="test0531" classname="randoop.RegressionTest1" time="0.001"/>
  <testcase name="test0532" classname="randoop.RegressionTest1" time="0.0"/>
  <testcase name="test0533" classname="randoop.RegressionTest1" time="0.0"/>
  <testcase name="test0534" classname="randoop.RegressionTest1" time="0.0">
    <system-out><![CDATA[✅ Reservation added successfully!
✅ Reservation added successfully!
✅ Reservation added successfully!
✅ Reservation added successfully!
]]></system-out>
  </testcase>
  <testcase name="test0535" classname="randoop.RegressionTest1" time="0.001"/>
  <testcase name="test0536" classname="randoop.RegressionTest1" time="0.0">
    <system-out><![CDATA[✅ Reservation added successfully!
]]></system-out>
  </testcase>
  <testcase name="test0537" classname="randoop.RegressionTest1" time="0.0"/>
  <testcase name="test0538" classname="randoop.RegressionTest1" time="0.001">
    <system-out><![CDATA[✅ Reservation added successfully!
✅ Reservation added successfully!
]]></system-out>
  </testcase>
  <testcase name="test0539" classname="randoop.RegressionTest1" time="0.0"/>
  <testcase name="test0540" classname="randoop.RegressionTest1" time="0.0"/>
  <testcase name="test0541" classname="randoop.RegressionTest1" time="0.0">
    <system-out><![CDATA[✅ Reservation added successfully!
✅ Reservation added successfully!
✅ Reservation added successfully!
✅ Reservation added successfully!
✅ Reservation added successfully!
]]></system-out>
  </testcase>
  <testcase name="test0542" classname="randoop.RegressionTest1" time="0.0"/>
  <testcase name="test0543" classname="randoop.RegressionTest1" time="0.0">
    <system-out><![CDATA[✅ Reservation added successfully!
✅ Reservation added successfully!
✅ Reservation added successfully!
]]></system-out>
  </testcase>
  <testcase name="test0544" classname="randoop.RegressionTest1" time="0.0"/>
  <testcase name="test0545" classname="randoop.RegressionTest1" time="0.002">
    <system-out><![CDATA[✅ Reservation added successfully!
✅ Reservation added successfully!
✅ Reservation added successfully!
✅ Reservation added successfully!
✅ Reservation added successfully!
✅ Reservation added successfully!
]]></system-out>
  </testcase>
  <testcase name="test0546" classname="randoop.RegressionTest1" time="0.0">
    <system-out><![CDATA[✅ Reservation added successfully!
]]></system-out>
  </testcase>
  <testcase name="test0547" classname="randoop.RegressionTest1" time="0.001"/>
  <testcase name="test0548" classname="randoop.RegressionTest1" time="0.0">
    <system-out><![CDATA[✅ Reservation added successfully!
✅ Reservation added successfully!
✅ Reservation added successfully!
✅ Reservation added successfully!
✅ Reservation added successfully!
]]></system-out>
  </testcase>
  <testcase name="test0549" classname="randoop.RegressionTest1" time="0.0"/>
  <testcase name="test0550" classname="randoop.RegressionTest1" time="0.0">
    <system-out><![CDATA[✅ Reservation added successfully!
✅ Reservation added successfully!
]]></system-out>
  </testcase>
  <testcase name="test0551" classname="randoop.RegressionTest1" time="0.0"/>
  <testcase name="test0552" classname="randoop.RegressionTest1" time="0.001"/>
  <testcase name="test0553" classname="randoop.RegressionTest1" time="0.0">
    <system-out><![CDATA[✅ Reservation added successfully!
✅ Reservation added successfully!
✅ Reservation added successfully!
✅ Reservation added successfully!
✅ Reservation added successfully!
✅ Reservation added successfully!
]]></system-out>
  </testcase>
  <testcase name="test0554" classname="randoop.RegressionTest1" time="0.0">
    <system-out><![CDATA[✅ Reservation added successfully!
✅ Reservation added successfully!
✅ Reservation added successfully!
]]></system-out>
  </testcase>
  <testcase name="test0555" classname="randoop.RegressionTest1" time="0.001"/>
  <testcase name="test0556" classname="randoop.RegressionTest1" time="0.0"/>
  <testcase name="test0557" classname="randoop.RegressionTest1" time="0.0">
    <system-out><![CDATA[✅ Reservation added successfully!
✅ Reservation added successfully!
✅ Reservation added successfully!
✅ Reservation added successfully!
]]></system-out>
  </testcase>
  <testcase name="test0558" classname="randoop.RegressionTest1" time="0.0"/>
  <testcase name="test0559" classname="randoop.RegressionTest1" time="0.001">
    <system-out><![CDATA[✅ Reservation added successfully!
✅ Reservation added successfully!
✅ Reservation added successfully!
✅ Reservation added successfully!
]]></system-out>
  </testcase>
  <testcase name="test0560" classname="randoop.RegressionTest1" time="0.0"/>
  <testcase name="test0561" classname="randoop.RegressionTest1" time="0.0">
    <system-out><![CDATA[✅ Reservation added successfully!
✅ Reservation added successfully!
✅ Reservation added successfully!
]]></system-out>
  </testcase>
  <testcase name="test0562" classname="randoop.RegressionTest1" time="0.001">
    <system-out><![CDATA[✅ Reservation added successfully!
✅ Reservation added successfully!
✅ Reservation added successfully!
✅ Reservation added successfully!
]]></system-out>
  </testcase>
  <testcase name="test0563" classname="randoop.RegressionTest1" time="0.0">
    <system-out><![CDATA[✅ Reservation added successfully!
✅ Reservation added successfully!
]]></system-out>
  </testcase>
  <testcase name="test0564" classname="randoop.RegressionTest1" time="0.0">
    <system-out><![CDATA[✅ Reservation added successfully!
]]></system-out>
  </testcase>
  <testcase name="test0565" classname="randoop.RegressionTest1" time="0.0"/>
  <testcase name="test0566" classname="randoop.RegressionTest1" time="0.0"/>
  <testcase name="test0567" classname="randoop.RegressionTest1" time="0.001"/>
  <testcase name="test0568" classname="randoop.RegressionTest1" time="0.0">
    <system-out><![CDATA[✅ Reservation added successfully!
]]></system-out>
  </testcase>
  <testcase name="test0569" classname="randoop.RegressionTest1" time="0.0"/>
  <testcase name="test0570" classname="randoop.RegressionTest1" time="0.0"/>
  <testcase name="test0571" classname="randoop.RegressionTest1" time="0.0">
    <system-out><![CDATA[✅ Reservation added successfully!
✅ Reservation added successfully!
✅ Reservation added successfully!
✅ Reservation added successfully!
✅ Reservation added successfully!
✅ Reservation added successfully!
✅ Reservation added successfully!
]]></system-out>
  </testcase>
  <testcase name="test0572" classname="randoop.RegressionTest1" time="0.0"/>
  <testcase name="test0573" classname="randoop.RegressionTest1" time="0.0"/>
  <testcase name="test0574" classname="randoop.RegressionTest1" time="0.0">
    <system-out><![CDATA[✅ Reservation added successfully!
✅ Reservation added successfully!
✅ Reservation added successfully!
✅ Reservation added successfully!
]]></system-out>
  </testcase>
  <testcase name="test0575" classname="randoop.RegressionTest1" time="0.0">
    <system-out><![CDATA[✅ Reservation added successfully!
]]></system-out>
  </testcase>
  <testcase name="test0576" classname="randoop.RegressionTest1" time="0.0">
    <system-out><![CDATA[✅ Reservation added successfully!
✅ Reservation added successfully!
]]></system-out>
  </testcase>
  <testcase name="test0577" classname="randoop.RegressionTest1" time="0.0">
    <system-out><![CDATA[✅ Reservation added successfully!
✅ Reservation added successfully!
✅ Reservation added successfully!
✅ Reservation added successfully!
✅ Reservation added successfully!
]]></system-out>
  </testcase>
  <testcase name="test0578" classname="randoop.RegressionTest1" time="0.0"/>
  <testcase name="test0579" classname="randoop.RegressionTest1" time="0.0"/>
  <testcase name="test0580" classname="randoop.RegressionTest1" time="0.0">
    <system-out><![CDATA[✅ Reservation added successfully!
✅ Reservation added successfully!
✅ Reservation added successfully!
✅ Reservation added successfully!
✅ Reservation added successfully!
✅ Reservation added successfully!
✅ Reservation added successfully!
✅ Reservation added successfully!
]]></system-out>
  </testcase>
  <testcase name="test0581" classname="randoop.RegressionTest1" time="0.001">
    <system-out><![CDATA[✅ Reservation added successfully!
✅ Reservation added successfully!
✅ Reservation added successfully!
✅ Reservation added successfully!
✅ Reservation added successfully!
]]></system-out>
  </testcase>
  <testcase name="test0582" classname="randoop.RegressionTest1" time="0.001">
    <system-out><![CDATA[✅ Reservation added successfully!
✅ Reservation added successfully!
✅ Reservation added successfully!
]]></system-out>
  </testcase>
  <testcase name="test0583" classname="randoop.RegressionTest1" time="0.0"/>
  <testcase name="test0584" classname="randoop.RegressionTest1" time="0.001">
    <system-out><![CDATA[✅ Reservation added successfully!
]]></system-out>
  </testcase>
  <testcase name="test0585" classname="randoop.RegressionTest1" time="0.0">
    <system-out><![CDATA[✅ Reservation added successfully!
✅ Reservation added successfully!
✅ Reservation added successfully!
]]></system-out>
  </testcase>
  <testcase name="test0586" classname="randoop.RegressionTest1" time="0.0">
    <system-out><![CDATA[✅ Reservation added successfully!
✅ Reservation added successfully!
✅ Reservation added successfully!
✅ Reservation added successfully!
]]></system-out>
  </testcase>
  <testcase name="test0587" classname="randoop.RegressionTest1" time="0.002">
    <system-out><![CDATA[✅ Reservation added successfully!
]]></system-out>
  </testcase>
  <testcase name="test0588" classname="randoop.RegressionTest1" time="0.0">
    <system-out><![CDATA[✅ Reservation added successfully!
✅ Reservation added successfully!
✅ Reservation added successfully!
]]></system-out>
  </testcase>
  <testcase name="test0589" classname="randoop.RegressionTest1" time="0.0"/>
  <testcase name="test0590" classname="randoop.RegressionTest1" time="0.001">
    <system-out><![CDATA[✅ Reservation added successfully!
✅ Reservation added successfully!
✅ Reservation added successfully!
✅ Reservation added successfully!
✅ Reservation added successfully!
✅ Reservation added successfully!
✅ Reservation added successfully!
]]></system-out>
  </testcase>
  <testcase name="test0591" classname="randoop.RegressionTest1" time="0.0">
    <system-out><![CDATA[✅ Reservation added successfully!
✅ Reservation added successfully!
✅ Reservation added successfully!
]]></system-out>
  </testcase>
  <testcase name="test0592" classname="randoop.RegressionTest1" time="0.0">
    <system-out><![CDATA[✅ Reservation added successfully!
✅ Reservation added successfully!
✅ Reservation added successfully!
✅ Reservation added successfully!
✅ Reservation added successfully!
]]></system-out>
  </testcase>
  <testcase name="test0593" classname="randoop.RegressionTest1" time="0.001">
    <system-out><![CDATA[✅ Reservation added successfully!
✅ Reservation added successfully!
✅ Reservation added successfully!
✅ Reservation added successfully!
]]></system-out>
  </testcase>
  <testcase name="test0594" classname="randoop.RegressionTest1" time="0.0"/>
  <testcase name="test0595" classname="randoop.RegressionTest1" time="0.0">
    <system-out><![CDATA[✅ Reservation added successfully!
]]></system-out>
  </testcase>
  <testcase name="test0596" classname="randoop.RegressionTest1" time="0.001">
    <system-out><![CDATA[✅ Reservation added successfully!
✅ Reservation added successfully!
✅ Reservation added successfully!
✅ Reservation added successfully!
✅ Reservation added successfully!
✅ Reservation added successfully!
]]></system-out>
  </testcase>
  <testcase name="test0597" classname="randoop.RegressionTest1" time="0.0">
    <system-out><![CDATA[✅ Reservation added successfully!
✅ Reservation added successfully!
✅ Reservation added successfully!
]]></system-out>
  </testcase>
  <testcase name="test0598" classname="randoop.RegressionTest1" time="0.0">
    <system-out><![CDATA[✅ Reservation added successfully!
]]></system-out>
  </testcase>
  <testcase name="test0599" classname="randoop.RegressionTest1" time="0.0"/>
  <testcase name="test0600" classname="randoop.RegressionTest1" time="0.0"/>
  <testcase name="test0601" classname="randoop.RegressionTest1" time="0.0"/>
  <testcase name="test0602" classname="randoop.RegressionTest1" time="0.0"/>
  <testcase name="test0603" classname="randoop.RegressionTest1" time="0.0"/>
  <testcase name="test0604" classname="randoop.RegressionTest1" time="0.001"/>
  <testcase name="test0605" classname="randoop.RegressionTest1" time="0.0"/>
  <testcase name="test0606" classname="randoop.RegressionTest1" time="0.0"/>
  <testcase name="test0607" classname="randoop.RegressionTest1" time="0.0">
    <system-out><![CDATA[✅ Reservation added successfully!
]]></system-out>
  </testcase>
  <testcase name="test0608" classname="randoop.RegressionTest1" time="0.001">
    <system-out><![CDATA[✅ Reservation added successfully!
✅ Reservation added successfully!
✅ Reservation added successfully!
]]></system-out>
  </testcase>
  <testcase name="test0609" classname="randoop.RegressionTest1" time="0.0"/>
  <testcase name="test0610" classname="randoop.RegressionTest1" time="0.0">
    <system-out><![CDATA[✅ Reservation added successfully!
✅ Reservation added successfully!
✅ Reservation added successfully!
✅ Reservation added successfully!
]]></system-out>
  </testcase>
  <testcase name="test0611" classname="randoop.RegressionTest1" time="0.001">
    <system-out><![CDATA[✅ Reservation added successfully!
]]></system-out>
  </testcase>
  <testcase name="test0612" classname="randoop.RegressionTest1" time="0.0"/>
  <testcase name="test0613" classname="randoop.RegressionTest1" time="0.0">
    <system-out><![CDATA[✅ Reservation added successfully!
✅ Reservation added successfully!
]]></system-out>
  </testcase>
  <testcase name="test0614" classname="randoop.RegressionTest1" time="0.001">
    <system-out><![CDATA[✅ Reservation added successfully!
]]></system-out>
  </testcase>
  <testcase name="test0615" classname="randoop.RegressionTest1" time="0.0">
    <system-out><![CDATA[✅ Reservation added successfully!
]]></system-out>
  </testcase>
  <testcase name="test0616" classname="randoop.RegressionTest1" time="0.0"/>
  <testcase name="test0617" classname="randoop.RegressionTest1" time="0.001"/>
  <testcase name="test0618" classname="randoop.RegressionTest1" time="0.0"/>
  <testcase name="test0619" classname="randoop.RegressionTest1" time="0.001"/>
  <testcase name="test0620" classname="randoop.RegressionTest1" time="0.0">
    <system-out><![CDATA[✅ Reservation added successfully!
✅ Reservation added successfully!
✅ Reservation added successfully!
✅ Reservation added successfully!
✅ Reservation added successfully!
]]></system-out>
  </testcase>
  <testcase name="test0621" classname="randoop.RegressionTest1" time="0.0">
    <system-out><![CDATA[✅ Reservation added successfully!
✅ Reservation added successfully!
✅ Reservation added successfully!
]]></system-out>
  </testcase>
  <testcase name="test0622" classname="randoop.RegressionTest1" time="0.0">
    <system-out><![CDATA[✅ Reservation added successfully!
]]></system-out>
  </testcase>
  <testcase name="test0623" classname="randoop.RegressionTest1" time="0.001">
    <system-out><![CDATA[✅ Reservation added successfully!
]]></system-out>
  </testcase>
  <testcase name="test0624" classname="randoop.RegressionTest1" time="0.0">
    <system-out><![CDATA[✅ Reservation added successfully!
✅ Reservation added successfully!
✅ Reservation added successfully!
✅ Reservation added successfully!
]]></system-out>
  </testcase>
  <testcase name="test0625" classname="randoop.RegressionTest1" time="0.0"/>
  <testcase name="test0626" classname="randoop.RegressionTest1" time="0.0">
    <system-out><![CDATA[✅ Reservation added successfully!
✅ Reservation added successfully!
]]></system-out>
  </testcase>
  <testcase name="test0627" classname="randoop.RegressionTest1" time="0.002">
    <system-out><![CDATA[✅ Reservation added successfully!
✅ Reservation added successfully!
]]></system-out>
  </testcase>
  <testcase name="test0628" classname="randoop.RegressionTest1" time="0.0">
    <system-out><![CDATA[✅ Reservation added successfully!
✅ Reservation added successfully!
]]></system-out>
  </testcase>
  <testcase name="test0629" classname="randoop.RegressionTest1" time="0.0"/>
  <testcase name="test0630" classname="randoop.RegressionTest1" time="0.0">
    <system-out><![CDATA[✅ Reservation added successfully!
]]></system-out>
  </testcase>
  <testcase name="test0631" classname="randoop.RegressionTest1" time="0.001">
    <system-out><![CDATA[✅ Reservation added successfully!
✅ Reservation added successfully!
✅ Reservation added successfully!
✅ Reservation added successfully!
]]></system-out>
  </testcase>
  <testcase name="test0632" classname="randoop.RegressionTest1" time="0.0">
    <system-out><![CDATA[✅ Reservation added successfully!
✅ Reservation added successfully!
]]></system-out>
  </testcase>
  <testcase name="test0633" classname="randoop.RegressionTest1" time="0.001">
    <system-out><![CDATA[✅ Reservation added successfully!
]]></system-out>
  </testcase>
  <testcase name="test0634" classname="randoop.RegressionTest1" time="0.0">
    <system-out><![CDATA[✅ Reservation added successfully!
✅ Reservation added successfully!
✅ Reservation added successfully!
✅ Reservation added successfully!
✅ Reservation added successfully!
]]></system-out>
  </testcase>
  <testcase name="test0635" classname="randoop.RegressionTest1" time="0.001">
    <system-out><![CDATA[✅ Reservation added successfully!
✅ Reservation added successfully!
✅ Reservation added successfully!
✅ Reservation added successfully!
✅ Reservation added successfully!
✅ Reservation added successfully!
✅ Reservation added successfully!
✅ Reservation added successfully!
✅ Reservation added successfully!
✅ Reservation added successfully!
✅ Reservation added successfully!
]]></system-out>
  </testcase>
  <testcase name="test0636" classname="randoop.RegressionTest1" time="0.001"/>
  <testcase name="test0637" classname="randoop.RegressionTest1" time="0.0">
    <system-out><![CDATA[✅ Reservation added successfully!
✅ Reservation added successfully!
✅ Reservation added successfully!
✅ Reservation added successfully!
✅ Reservation added successfully!
✅ Reservation added successfully!
✅ Reservation added successfully!
]]></system-out>
  </testcase>
  <testcase name="test0638" classname="randoop.RegressionTest1" time="0.0">
    <system-out><![CDATA[✅ Reservation added successfully!
]]></system-out>
  </testcase>
  <testcase name="test0639" classname="randoop.RegressionTest1" time="0.0">
    <system-out><![CDATA[✅ Reservation added successfully!
✅ Reservation added successfully!
✅ Reservation added successfully!
]]></system-out>
  </testcase>
  <testcase name="test0640" classname="randoop.RegressionTest1" time="0.0">
    <system-out><![CDATA[✅ Reservation added successfully!
✅ Reservation added successfully!
✅ Reservation added successfully!
✅ Reservation added successfully!
]]></system-out>
  </testcase>
  <testcase name="test0641" classname="randoop.RegressionTest1" time="0.001"/>
  <testcase name="test0642" classname="randoop.RegressionTest1" time="0.0">
    <system-out><![CDATA[✅ Reservation added successfully!
]]></system-out>
  </testcase>
  <testcase name="test0643" classname="randoop.RegressionTest1" time="0.0"/>
  <testcase name="test0644" classname="randoop.RegressionTest1" time="0.001">
    <system-out><![CDATA[✅ Reservation added successfully!
✅ Reservation added successfully!
✅ Reservation added successfully!
]]></system-out>
  </testcase>
  <testcase name="test0645" classname="randoop.RegressionTest1" time="0.0"/>
  <testcase name="test0646" classname="randoop.RegressionTest1" time="0.001">
    <system-out><![CDATA[✅ Reservation added successfully!
✅ Reservation added successfully!
]]></system-out>
  </testcase>
  <testcase name="test0647" classname="randoop.RegressionTest1" time="0.0"/>
  <testcase name="test0648" classname="randoop.RegressionTest1" time="0.0">
    <system-out><![CDATA[✅ Reservation added successfully!
]]></system-out>
  </testcase>
  <testcase name="test0649" classname="randoop.RegressionTest1" time="0.0"/>
  <testcase name="test0650" classname="randoop.RegressionTest1" time="0.0">
    <system-out><![CDATA[✅ Reservation added successfully!
✅ Reservation added successfully!
✅ Reservation added successfully!
✅ Reservation added successfully!
✅ Reservation added successfully!
]]></system-out>
  </testcase>
  <testcase name="test0651" classname="randoop.RegressionTest1" time="0.0">
    <system-out><![CDATA[✅ Reservation added successfully!
✅ Reservation added successfully!
✅ Reservation added successfully!
]]></system-out>
  </testcase>
  <testcase name="test0652" classname="randoop.RegressionTest1" time="0.0">
    <system-out><![CDATA[✅ Reservation added successfully!
✅ Reservation added successfully!
✅ Reservation added successfully!
✅ Reservation added successfully!
]]></system-out>
  </testcase>
  <testcase name="test0653" classname="randoop.RegressionTest1" time="0.0"/>
  <testcase name="test0654" classname="randoop.RegressionTest1" time="0.0"/>
  <testcase name="test0655" classname="randoop.RegressionTest1" time="0.001">
    <system-out><![CDATA[✅ Reservation added successfully!
]]></system-out>
  </testcase>
  <testcase name="test0656" classname="randoop.RegressionTest1" time="0.0"/>
  <testcase name="test0657" classname="randoop.RegressionTest1" time="0.0"/>
  <testcase name="test0658" classname="randoop.RegressionTest1" time="0.0"/>
  <testcase name="test0659" classname="randoop.RegressionTest1" time="0.001">
    <system-out><![CDATA[✅ Reservation added successfully!
]]></system-out>
  </testcase>
  <testcase name="test0660" classname="randoop.RegressionTest1" time="0.0"/>
  <testcase name="test0661" classname="randoop.RegressionTest1" time="0.0">
    <system-out><![CDATA[✅ Reservation added successfully!
✅ Reservation added successfully!
]]></system-out>
  </testcase>
  <testcase name="test0662" classname="randoop.RegressionTest1" time="0.0"/>
  <testcase name="test0663" classname="randoop.RegressionTest1" time="0.001">
    <system-out><![CDATA[✅ Reservation added successfully!
✅ Reservation added successfully!
✅ Reservation added successfully!
✅ Reservation added successfully!
]]></system-out>
  </testcase>
  <testcase name="test0664" classname="randoop.RegressionTest1" time="0.0">
    <system-out><![CDATA[✅ Reservation added successfully!
]]></system-out>
  </testcase>
  <testcase name="test0665" classname="randoop.RegressionTest1" time="0.0"/>
  <testcase name="test0666" classname="randoop.RegressionTest1" time="0.0"/>
  <testcase name="test0667" classname="randoop.RegressionTest1" time="0.0">
    <system-out><![CDATA[✅ Reservation added successfully!
✅ Reservation added successfully!
]]></system-out>
  </testcase>
  <testcase name="test0668" classname="randoop.RegressionTest1" time="0.0"/>
  <testcase name="test0669" classname="randoop.RegressionTest1" time="0.0"/>
  <testcase name="test0670" classname="randoop.RegressionTest1" time="0.0">
    <system-out><![CDATA[✅ Reservation added successfully!
✅ Reservation added successfully!
✅ Reservation added successfully!
✅ Reservation added successfully!
]]></system-out>
  </testcase>
  <testcase name="test0671" classname="randoop.RegressionTest1" time="0.0"/>
  <testcase name="test0672" classname="randoop.RegressionTest1" time="0.0"/>
  <testcase name="test0673" classname="randoop.RegressionTest1" time="0.001">
    <system-out><![CDATA[✅ Reservation added successfully!
✅ Reservation added successfully!
✅ Reservation added successfully!
✅ Reservation added successfully!
✅ Reservation added successfully!
✅ Reservation added successfully!
]]></system-out>
  </testcase>
  <testcase name="test0674" classname="randoop.RegressionTest1" time="0.0"/>
  <testcase name="test0675" classname="randoop.RegressionTest1" time="0.0">
    <system-out><![CDATA[✅ Reservation added successfully!
✅ Reservation added successfully!
✅ Reservation added successfully!
✅ Reservation added successfully!
✅ Reservation added successfully!
]]></system-out>
  </testcase>
  <testcase name="test0676" classname="randoop.RegressionTest1" time="0.0">
    <system-out><![CDATA[✅ Reservation added successfully!
]]></system-out>
  </testcase>
  <testcase name="test0677" classname="randoop.RegressionTest1" time="0.0">
    <system-out><![CDATA[✅ Reservation added successfully!
✅ Reservation added successfully!
✅ Reservation added successfully!
✅ Reservation added successfully!
]]></system-out>
  </testcase>
  <testcase name="test0678" classname="randoop.RegressionTest1" time="0.0">
    <system-out><![CDATA[✅ Reservation added successfully!
✅ Reservation added successfully!
✅ Reservation added successfully!
]]></system-out>
  </testcase>
  <testcase name="test0679" classname="randoop.RegressionTest1" time="0.0"/>
  <testcase name="test0680" classname="randoop.RegressionTest1" time="0.0"/>
  <testcase name="test0681" classname="randoop.RegressionTest1" time="0.0"/>
  <testcase name="test0682" classname="randoop.RegressionTest1" time="0.0">
    <system-out><![CDATA[✅ Reservation added successfully!
✅ Reservation added successfully!
✅ Reservation added successfully!
]]></system-out>
  </testcase>
  <testcase name="test0683" classname="randoop.RegressionTest1" time="0.0"/>
  <testcase name="test0684" classname="randoop.RegressionTest1" time="0.0"/>
  <testcase name="test0685" classname="randoop.RegressionTest1" time="0.0">
    <system-out><![CDATA[✅ Reservation added successfully!
✅ Reservation added successfully!
✅ Reservation added successfully!
✅ Reservation added successfully!
✅ Reservation added successfully!
]]></system-out>
  </testcase>
  <testcase name="test0686" classname="randoop.RegressionTest1" time="0.0"/>
  <testcase name="test0687" classname="randoop.RegressionTest1" time="0.0">
    <system-out><![CDATA[✅ Reservation added successfully!
✅ Reservation added successfully!
]]></system-out>
  </testcase>
  <testcase name="test0688" classname="randoop.RegressionTest1" time="0.001"/>
  <testcase name="test0689" classname="randoop.RegressionTest1" time="0.0">
    <system-out><![CDATA[✅ Reservation added successfully!
✅ Reservation added successfully!
]]></system-out>
  </testcase>
  <testcase name="test0690" classname="randoop.RegressionTest1" time="0.0"/>
  <testcase name="test0691" classname="randoop.RegressionTest1" time="0.0"/>
  <testcase name="test0692" classname="randoop.RegressionTest1" time="0.0"/>
  <testcase name="test0693" classname="randoop.RegressionTest1" time="0.001">
    <system-out><![CDATA[✅ Reservation added successfully!
✅ Reservation added successfully!
✅ Reservation added successfully!
]]></system-out>
  </testcase>
  <testcase name="test0694" classname="randoop.RegressionTest1" time="0.0">
    <system-out><![CDATA[✅ Reservation added successfully!
✅ Reservation added successfully!
✅ Reservation added successfully!
✅ Reservation added successfully!
✅ Reservation added successfully!
✅ Reservation added successfully!
✅ Reservation added successfully!
✅ Reservation added successfully!
✅ Reservation added successfully!
✅ Reservation added successfully!
✅ Reservation added successfully!
✅ Reservation added successfully!
✅ Reservation added successfully!
✅ Reservation added successfully!
]]></system-out>
  </testcase>
  <testcase name="test0695" classname="randoop.RegressionTest1" time="0.0">
    <system-out><![CDATA[✅ Reservation added successfully!
✅ Reservation added successfully!
]]></system-out>
  </testcase>
  <testcase name="test0696" classname="randoop.RegressionTest1" time="0.001">
    <system-out><![CDATA[✅ Reservation added successfully!
✅ Reservation added successfully!
]]></system-out>
  </testcase>
  <testcase name="test0697" classname="randoop.RegressionTest1" time="0.0">
    <system-out><![CDATA[✅ Reservation added successfully!
✅ Reservation added successfully!
]]></system-out>
  </testcase>
  <testcase name="test0698" classname="randoop.RegressionTest1" time="0.0">
    <system-out><![CDATA[✅ Reservation added successfully!
✅ Reservation added successfully!
✅ Reservation added successfully!
✅ Reservation added successfully!
✅ Reservation added successfully!
✅ Reservation added successfully!
✅ Reservation added successfully!
✅ Reservation added successfully!
✅ Reservation added successfully!
✅ Reservation added successfully!
✅ Reservation added successfully!
✅ Reservation added successfully!
]]></system-out>
  </testcase>
  <testcase name="test0699" classname="randoop.RegressionTest1" time="0.001">
    <system-out><![CDATA[✅ Reservation added successfully!
✅ Reservation added successfully!
✅ Reservation added successfully!
]]></system-out>
  </testcase>
  <testcase name="test0700" classname="randoop.RegressionTest1" time="0.0"/>
  <testcase name="test0701" classname="randoop.RegressionTest1" time="0.0"/>
  <testcase name="test0702" classname="randoop.RegressionTest1" time="0.002">
    <system-out><![CDATA[✅ Reservation added successfully!
✅ Reservation added successfully!
✅ Reservation added successfully!
✅ Reservation added successfully!
✅ Reservation added successfully!
✅ Reservation added successfully!
✅ Reservation added successfully!
]]></system-out>
  </testcase>
  <testcase name="test0703" classname="randoop.RegressionTest1" time="0.0"/>
  <testcase name="test0704" classname="randoop.RegressionTest1" time="0.0"/>
  <testcase name="test0705" classname="randoop.RegressionTest1" time="0.001">
    <system-out><![CDATA[✅ Reservation added successfully!
]]></system-out>
  </testcase>
  <testcase name="test0706" classname="randoop.RegressionTest1" time="0.0"/>
  <testcase name="test0707" classname="randoop.RegressionTest1" time="0.0"/>
  <testcase name="test0708" classname="randoop.RegressionTest1" time="0.0">
    <system-out><![CDATA[✅ Reservation added successfully!
✅ Reservation added successfully!
]]></system-out>
  </testcase>
  <testcase name="test0709" classname="randoop.RegressionTest1" time="0.0"/>
  <testcase name="test0710" classname="randoop.RegressionTest1" time="0.001"/>
  <testcase name="test0711" classname="randoop.RegressionTest1" time="0.0">
    <system-out><![CDATA[✅ Reservation added successfully!
✅ Reservation added successfully!
✅ Reservation added successfully!
✅ Reservation added successfully!
✅ Reservation added successfully!
✅ Reservation added successfully!
✅ Reservation added successfully!
✅ Reservation added successfully!
]]></system-out>
  </testcase>
  <testcase name="test0712" classname="randoop.RegressionTest1" time="0.0"/>
  <testcase name="test0713" classname="randoop.RegressionTest1" time="0.001">
    <system-out><![CDATA[✅ Reservation added successfully!
✅ Reservation added successfully!
]]></system-out>
  </testcase>
  <testcase name="test0714" classname="randoop.RegressionTest1" time="0.0"/>
  <testcase name="test0715" classname="randoop.RegressionTest1" time="0.0">
    <system-out><![CDATA[✅ Reservation added successfully!
]]></system-out>
  </testcase>
  <testcase name="test0716" classname="randoop.RegressionTest1" time="0.0"/>
  <testcase name="test0717" classname="randoop.RegressionTest1" time="0.001"/>
  <testcase name="test0718" classname="randoop.RegressionTest1" time="0.0"/>
  <testcase name="test0719" classname="randoop.RegressionTest1" time="0.0">
    <system-out><![CDATA[✅ Reservation added successfully!
✅ Reservation added successfully!
]]></system-out>
  </testcase>
  <testcase name="test0720" classname="randoop.RegressionTest1" time="0.0">
    <system-out><![CDATA[✅ Reservation added successfully!
✅ Reservation added successfully!
]]></system-out>
  </testcase>
  <testcase name="test0721" classname="randoop.RegressionTest1" time="0.0">
    <system-out><![CDATA[✅ Reservation added successfully!
]]></system-out>
  </testcase>
  <testcase name="test0722" classname="randoop.RegressionTest1" time="0.002"/>
  <testcase name="test0723" classname="randoop.RegressionTest1" time="0.0">
    <system-out><![CDATA[✅ Reservation added successfully!
✅ Reservation added successfully!
✅ Reservation added successfully!
]]></system-out>
  </testcase>
  <testcase name="test0724" classname="randoop.RegressionTest1" time="0.001">
    <system-out><![CDATA[✅ Reservation added successfully!
✅ Reservation added successfully!
✅ Reservation added successfully!
✅ Reservation added successfully!
✅ Reservation added successfully!
]]></system-out>
  </testcase>
  <testcase name="test0725" classname="randoop.RegressionTest1" time="0.0"/>
  <testcase name="test0726" classname="randoop.RegressionTest1" time="0.0">
    <system-out><![CDATA[✅ Reservation added successfully!
✅ Reservation added successfully!
✅ Reservation added successfully!
]]></system-out>
  </testcase>
  <testcase name="test0727" classname="randoop.RegressionTest1" time="0.0"/>
  <testcase name="test0728" classname="randoop.RegressionTest1" time="0.001"/>
  <testcase name="test0729" classname="randoop.RegressionTest1" time="0.0">
    <system-out><![CDATA[✅ Reservation added successfully!
]]></system-out>
  </testcase>
  <testcase name="test0730" classname="randoop.RegressionTest1" time="0.0">
    <system-out><![CDATA[✅ Reservation added successfully!
✅ Reservation added successfully!
]]></system-out>
  </testcase>
  <testcase name="test0731" classname="randoop.RegressionTest1" time="0.0"/>
  <testcase name="test0732" classname="randoop.RegressionTest1" time="0.0">
    <system-out><![CDATA[✅ Reservation added successfully!
]]></system-out>
  </testcase>
  <testcase name="test0733" classname="randoop.RegressionTest1" time="0.001"/>
  <testcase name="test0734" classname="randoop.RegressionTest1" time="0.0"/>
  <testcase name="test0735" classname="randoop.RegressionTest1" time="0.0"/>
  <testcase name="test0736" classname="randoop.RegressionTest1" time="0.0">
    <system-out><![CDATA[✅ Reservation added successfully!
✅ Reservation added successfully!
✅ Reservation added successfully!
✅ Reservation added successfully!
✅ Reservation added successfully!
]]></system-out>
  </testcase>
  <testcase name="test0737" classname="randoop.RegressionTest1" time="0.0">
    <system-out><![CDATA[✅ Reservation added successfully!
✅ Reservation added successfully!
✅ Reservation added successfully!
✅ Reservation added successfully!
]]></system-out>
  </testcase>
  <testcase name="test0738" classname="randoop.RegressionTest1" time="0.0"/>
  <testcase name="test0739" classname="randoop.RegressionTest1" time="0.001"/>
  <testcase name="test0740" classname="randoop.RegressionTest1" time="0.0"/>
  <testcase name="test0741" classname="randoop.RegressionTest1" time="0.0"/>
  <testcase name="test0742" classname="randoop.RegressionTest1" time="0.002"/>
  <testcase name="test0743" classname="randoop.RegressionTest1" time="0.0"/>
  <testcase name="test0744" classname="randoop.RegressionTest1" time="0.001"/>
  <testcase name="test0745" classname="randoop.RegressionTest1" time="0.0">
    <system-out><![CDATA[✅ Reservation added successfully!
✅ Reservation added successfully!
✅ Reservation added successfully!
✅ Reservation added successfully!
]]></system-out>
  </testcase>
  <testcase name="test0746" classname="randoop.RegressionTest1" time="0.0">
    <system-out><![CDATA[✅ Reservation added successfully!
]]></system-out>
  </testcase>
  <testcase name="test0747" classname="randoop.RegressionTest1" time="0.001"/>
  <testcase name="test0748" classname="randoop.RegressionTest1" time="0.0"/>
  <testcase name="test0749" classname="randoop.RegressionTest1" time="0.0">
    <system-out><![CDATA[✅ Reservation added successfully!
✅ Reservation added successfully!
✅ Reservation added successfully!
]]></system-out>
  </testcase>
  <testcase name="test0750" classname="randoop.RegressionTest1" time="0.0"/>
  <testcase name="test0751" classname="randoop.RegressionTest1" time="0.001"/>
  <testcase name="test0752" classname="randoop.RegressionTest1" time="0.0"/>
  <testcase name="test0753" classname="randoop.RegressionTest1" time="0.0"/>
  <testcase name="test0754" classname="randoop.RegressionTest1" time="0.0"/>
  <testcase name="test0755" classname="randoop.RegressionTest1" time="0.0"/>
  <testcase name="test0756" classname="randoop.RegressionTest1" time="0.0"/>
  <testcase name="test0757" classname="randoop.RegressionTest1" time="0.001"/>
  <testcase name="test0758" classname="randoop.RegressionTest1" time="0.0"/>
  <testcase name="test0759" classname="randoop.RegressionTest1" time="0.0">
    <system-out><![CDATA[✅ Reservation added successfully!
]]></system-out>
  </testcase>
  <testcase name="test0760" classname="randoop.RegressionTest1" time="0.001">
    <system-out><![CDATA[✅ Reservation added successfully!
]]></system-out>
  </testcase>
  <testcase name="test0761" classname="randoop.RegressionTest1" time="0.0">
    <system-out><![CDATA[✅ Reservation added successfully!
✅ Reservation added successfully!
✅ Reservation added successfully!
]]></system-out>
  </testcase>
  <testcase name="test0762" classname="randoop.RegressionTest1" time="0.0"/>
  <testcase name="test0763" classname="randoop.RegressionTest1" time="0.001"/>
  <testcase name="test0764" classname="randoop.RegressionTest1" time="0.0"/>
  <testcase name="test0765" classname="randoop.RegressionTest1" time="0.0">
    <system-out><![CDATA[✅ Reservation added successfully!
]]></system-out>
  </testcase>
  <testcase name="test0766" classname="randoop.RegressionTest1" time="0.002"/>
  <testcase name="test0767" classname="randoop.RegressionTest1" time="0.0">
    <system-out><![CDATA[✅ Reservation added successfully!
✅ Reservation added successfully!
]]></system-out>
  </testcase>
  <testcase name="test0768" classname="randoop.RegressionTest1" time="0.0">
    <system-out><![CDATA[✅ Reservation added successfully!
✅ Reservation added successfully!
✅ Reservation added successfully!
✅ Reservation added successfully!
]]></system-out>
  </testcase>
  <testcase name="test0769" classname="randoop.RegressionTest1" time="0.001">
    <system-out><![CDATA[✅ Reservation added successfully!
]]></system-out>
  </testcase>
  <testcase name="test0770" classname="randoop.RegressionTest1" time="0.0">
    <system-out><![CDATA[✅ Reservation added successfully!
✅ Reservation added successfully!
✅ Reservation added successfully!
✅ Reservation added successfully!
✅ Reservation added successfully!
]]></system-out>
  </testcase>
  <testcase name="test0771" classname="randoop.RegressionTest1" time="0.0"/>
  <testcase name="test0772" classname="randoop.RegressionTest1" time="0.001">
    <system-out><![CDATA[✅ Reservation added successfully!
✅ Reservation added successfully!
✅ Reservation added successfully!
✅ Reservation added successfully!
✅ Reservation added successfully!
✅ Reservation added successfully!
✅ Reservation added successfully!
]]></system-out>
  </testcase>
  <testcase name="test0773" classname="randoop.RegressionTest1" time="0.0">
    <system-out><![CDATA[✅ Reservation added successfully!
]]></system-out>
  </testcase>
  <testcase name="test0774" classname="randoop.RegressionTest1" time="0.0"/>
  <testcase name="test0775" classname="randoop.RegressionTest1" time="0.001">
    <system-out><![CDATA[✅ Reservation added successfully!
✅ Reservation added successfully!
✅ Reservation added successfully!
✅ Reservation added successfully!
✅ Reservation added successfully!
✅ Reservation added successfully!
✅ Reservation added successfully!
]]></system-out>
  </testcase>
  <testcase name="test0776" classname="randoop.RegressionTest1" time="0.0"/>
  <testcase name="test0777" classname="randoop.RegressionTest1" time="0.0"/>
  <testcase name="test0778" classname="randoop.RegressionTest1" time="0.001"/>
  <testcase name="test0779" classname="randoop.RegressionTest1" time="0.0">
    <system-out><![CDATA[✅ Reservation added successfully!
✅ Reservation added successfully!
]]></system-out>
  </testcase>
  <testcase name="test0780" classname="randoop.RegressionTest1" time="0.0"/>
  <testcase name="test0781" classname="randoop.RegressionTest1" time="0.0"/>
  <testcase name="test0782" classname="randoop.RegressionTest1" time="0.0">
    <system-out><![CDATA[✅ Reservation added successfully!
✅ Reservation added successfully!
✅ Reservation added successfully!
✅ Reservation added successfully!
✅ Reservation added successfully!
✅ Reservation added successfully!
]]></system-out>
  </testcase>
  <testcase name="test0783" classname="randoop.RegressionTest1" time="0.0"/>
  <testcase name="test0784" classname="randoop.RegressionTest1" time="0.0"/>
  <testcase name="test0785" classname="randoop.RegressionTest1" time="0.0"/>
  <testcase name="test0786" classname="randoop.RegressionTest1" time="0.0"/>
  <testcase name="test0787" classname="randoop.RegressionTest1" time="0.0"/>
  <testcase name="test0788" classname="randoop.RegressionTest1" time="0.0"/>
  <testcase name="test0789" classname="randoop.RegressionTest1" time="0.0"/>
  <testcase name="test0790" classname="randoop.RegressionTest1" time="0.0">
    <system-out><![CDATA[✅ Reservation added successfully!
✅ Reservation added successfully!
✅ Reservation added successfully!
✅ Reservation added successfully!
✅ Reservation added successfully!
✅ Reservation added successfully!
✅ Reservation added successfully!
]]></system-out>
  </testcase>
  <testcase name="test0791" classname="randoop.RegressionTest1" time="0.001">
    <system-out><![CDATA[✅ Reservation added successfully!
✅ Reservation added successfully!
✅ Reservation added successfully!
✅ Reservation added successfully!
✅ Reservation added successfully!
✅ Reservation added successfully!
✅ Reservation added successfully!
✅ Reservation added successfully!
]]></system-out>
  </testcase>
  <testcase name="test0792" classname="randoop.RegressionTest1" time="0.0">
    <system-out><![CDATA[✅ Reservation added successfully!
]]></system-out>
  </testcase>
  <testcase name="test0793" classname="randoop.RegressionTest1" time="0.0"/>
  <testcase name="test0794" classname="randoop.RegressionTest1" time="0.0"/>
  <testcase name="test0795" classname="randoop.RegressionTest1" time="0.0">
    <system-out><![CDATA[✅ Reservation added successfully!
]]></system-out>
  </testcase>
  <testcase name="test0796" classname="randoop.RegressionTest1" time="0.002">
    <system-out><![CDATA[✅ Reservation added successfully!
✅ Reservation added successfully!
✅ Reservation added successfully!
]]></system-out>
  </testcase>
  <testcase name="test0797" classname="randoop.RegressionTest1" time="0.0">
    <system-out><![CDATA[✅ Reservation added successfully!
✅ Reservation added successfully!
✅ Reservation added successfully!
✅ Reservation added successfully!
✅ Reservation added successfully!
✅ Reservation added successfully!
✅ Reservation added successfully!
✅ Reservation added successfully!
]]></system-out>
  </testcase>
  <testcase name="test0798" classname="randoop.RegressionTest1" time="0.0"/>
  <testcase name="test0799" classname="randoop.RegressionTest1" time="0.001">
    <system-out><![CDATA[✅ Reservation added successfully!
]]></system-out>
  </testcase>
  <testcase name="test0800" classname="randoop.RegressionTest1" time="0.0">
    <system-out><![CDATA[✅ Reservation added successfully!
✅ Reservation added successfully!
]]></system-out>
  </testcase>
  <testcase name="test0801" classname="randoop.RegressionTest1" time="0.0"/>
  <testcase name="test0802" classname="randoop.RegressionTest1" time="0.0">
    <system-out><![CDATA[✅ Reservation added successfully!
✅ Reservation added successfully!
✅ Reservation added successfully!
✅ Reservation added successfully!
✅ Reservation added successfully!
✅ Reservation added successfully!
]]></system-out>
  </testcase>
  <testcase name="test0803" classname="randoop.RegressionTest1" time="0.001"/>
  <testcase name="test0804" classname="randoop.RegressionTest1" time="0.0"/>
  <testcase name="test0805" classname="randoop.RegressionTest1" time="0.0">
    <system-out><![CDATA[✅ Reservation added successfully!
✅ Reservation added successfully!
]]></system-out>
  </testcase>
  <testcase name="test0806" classname="randoop.RegressionTest1" time="0.0"/>
  <testcase name="test0807" classname="randoop.RegressionTest1" time="0.0"/>
  <testcase name="test0808" classname="randoop.RegressionTest1" time="0.0">
    <system-out><![CDATA[✅ Reservation added successfully!
]]></system-out>
  </testcase>
  <testcase name="test0809" classname="randoop.RegressionTest1" time="0.0"/>
  <testcase name="test0810" classname="randoop.RegressionTest1" time="0.0"/>
  <testcase name="test0811" classname="randoop.RegressionTest1" time="0.0"/>
  <testcase name="test0812" classname="randoop.RegressionTest1" time="0.0"/>
  <testcase name="test0813" classname="randoop.RegressionTest1" time="0.0"/>
  <testcase name="test0814" classname="randoop.RegressionTest1" time="0.001">
    <system-out><![CDATA[✅ Reservation added successfully!
]]></system-out>
  </testcase>
  <testcase name="test0815" classname="randoop.RegressionTest1" time="0.0">
    <system-out><![CDATA[✅ Reservation added successfully!
]]></system-out>
  </testcase>
  <testcase name="test0816" classname="randoop.RegressionTest1" time="0.0">
    <system-out><![CDATA[✅ Reservation added successfully!
]]></system-out>
  </testcase>
  <testcase name="test0817" classname="randoop.RegressionTest1" time="0.0"/>
  <testcase name="test0818" classname="randoop.RegressionTest1" time="0.001"/>
  <testcase name="test0819" classname="randoop.RegressionTest1" time="0.0">
    <system-out><![CDATA[✅ Reservation added successfully!
]]></system-out>
  </testcase>
  <testcase name="test0820" classname="randoop.RegressionTest1" time="0.0"/>
  <testcase name="test0821" classname="randoop.RegressionTest1" time="0.0"/>
  <testcase name="test0822" classname="randoop.RegressionTest1" time="0.0"/>
  <testcase name="test0823" classname="randoop.RegressionTest1" time="0.0"/>
  <testcase name="test0824" classname="randoop.RegressionTest1" time="0.0">
    <system-out><![CDATA[✅ Reservation added successfully!
✅ Reservation added successfully!
✅ Reservation added successfully!
✅ Reservation added successfully!
✅ Reservation added successfully!
✅ Reservation added successfully!
]]></system-out>
  </testcase>
  <testcase name="test0825" classname="randoop.RegressionTest1" time="0.0"/>
  <testcase name="test0826" classname="randoop.RegressionTest1" time="0.001">
    <system-out><![CDATA[✅ Reservation added successfully!
]]></system-out>
  </testcase>
  <testcase name="test0827" classname="randoop.RegressionTest1" time="0.0">
    <system-out><![CDATA[✅ Reservation added successfully!
✅ Reservation added successfully!
✅ Reservation added successfully!
]]></system-out>
  </testcase>
  <testcase name="test0828" classname="randoop.RegressionTest1" time="0.0">
    <system-out><![CDATA[✅ Reservation added successfully!
✅ Reservation added successfully!
✅ Reservation added successfully!
✅ Reservation added successfully!
✅ Reservation added successfully!
✅ Reservation added successfully!
]]></system-out>
  </testcase>
  <testcase name="test0829" classname="randoop.RegressionTest1" time="0.0">
    <system-out><![CDATA[✅ Reservation added successfully!
✅ Reservation added successfully!
]]></system-out>
  </testcase>
  <testcase name="test0830" classname="randoop.RegressionTest1" time="0.001"/>
  <testcase name="test0831" classname="randoop.RegressionTest1" time="0.0"/>
  <testcase name="test0832" classname="randoop.RegressionTest1" time="0.0"/>
  <testcase name="test0833" classname="randoop.RegressionTest1" time="0.0"/>
  <testcase name="test0834" classname="randoop.RegressionTest1" time="0.0">
    <system-out><![CDATA[✅ Reservation added successfully!
✅ Reservation added successfully!
✅ Reservation added successfully!
]]></system-out>
  </testcase>
  <testcase name="test0835" classname="randoop.RegressionTest1" time="0.0"/>
  <testcase name="test0836" classname="randoop.RegressionTest1" time="0.0"/>
  <testcase name="test0837" classname="randoop.RegressionTest1" time="0.0"/>
  <testcase name="test0838" classname="randoop.RegressionTest1" time="0.0"/>
  <testcase name="test0839" classname="randoop.RegressionTest1" time="0.0"/>
  <testcase name="test0840" classname="randoop.RegressionTest1" time="0.0"/>
  <testcase name="test0841" classname="randoop.RegressionTest1" time="0.0"/>
  <testcase name="test0842" classname="randoop.RegressionTest1" time="0.0"/>
  <testcase name="test0843" classname="randoop.RegressionTest1" time="0.002"/>
  <testcase name="test0844" classname="randoop.RegressionTest1" time="0.0"/>
  <testcase name="test0845" classname="randoop.RegressionTest1" time="0.0">
    <system-out><![CDATA[✅ Reservation added successfully!
✅ Reservation added successfully!
✅ Reservation added successfully!
✅ Reservation added successfully!
]]></system-out>
  </testcase>
  <testcase name="test0846" classname="randoop.RegressionTest1" time="0.0"/>
  <testcase name="test0847" classname="randoop.RegressionTest1" time="0.0"/>
  <testcase name="test0848" classname="randoop.RegressionTest1" time="0.001"/>
  <testcase name="test0849" classname="randoop.RegressionTest1" time="0.0"/>
  <testcase name="test0850" classname="randoop.RegressionTest1" time="0.0">
    <system-out><![CDATA[✅ Reservation added successfully!
✅ Reservation added successfully!
✅ Reservation added successfully!
✅ Reservation added successfully!
✅ Reservation added successfully!
✅ Reservation added successfully!
✅ Reservation added successfully!
]]></system-out>
  </testcase>
  <testcase name="test0851" classname="randoop.RegressionTest1" time="0.0"/>
  <testcase name="test0852" classname="randoop.RegressionTest1" time="0.001">
    <system-out><![CDATA[✅ Reservation added successfully!
✅ Reservation added successfully!
]]></system-out>
  </testcase>
  <testcase name="test0853" classname="randoop.RegressionTest1" time="0.0"/>
  <testcase name="test0854" classname="randoop.RegressionTest1" time="0.0">
    <system-out><![CDATA[✅ Reservation added successfully!
]]></system-out>
  </testcase>
  <testcase name="test0855" classname="randoop.RegressionTest1" time="0.001">
    <system-out><![CDATA[✅ Reservation added successfully!
✅ Reservation added successfully!
✅ Reservation added successfully!
]]></system-out>
  </testcase>
  <testcase name="test0856" classname="randoop.RegressionTest1" time="0.0">
    <system-out><![CDATA[✅ Reservation added successfully!
✅ Reservation added successfully!
]]></system-out>
  </testcase>
  <testcase name="test0857" classname="randoop.RegressionTest1" time="0.0">
    <system-out><![CDATA[✅ Reservation added successfully!
]]></system-out>
  </testcase>
  <testcase name="test0858" classname="randoop.RegressionTest1" time="0.0"/>
  <testcase name="test0859" classname="randoop.RegressionTest1" time="0.0"/>
  <testcase name="test0860" classname="randoop.RegressionTest1" time="0.0"/>
  <testcase name="test0861" classname="randoop.RegressionTest1" time="0.001">
    <system-out><![CDATA[✅ Reservation added successfully!
]]></system-out>
  </testcase>
  <testcase name="test0862" classname="randoop.RegressionTest1" time="0.0"/>
  <testcase name="test0863" classname="randoop.RegressionTest1" time="0.0">
    <system-out><![CDATA[✅ Reservation added successfully!
]]></system-out>
  </testcase>
  <testcase name="test0864" classname="randoop.RegressionTest1" time="0.0">
    <system-out><![CDATA[✅ Reservation added successfully!
]]></system-out>
  </testcase>
  <testcase name="test0865" classname="randoop.RegressionTest1" time="0.0"/>
  <testcase name="test0866" classname="randoop.RegressionTest1" time="0.0"/>
  <testcase name="test0867" classname="randoop.RegressionTest1" time="0.0">
    <system-out><![CDATA[✅ Reservation added successfully!
]]></system-out>
  </testcase>
  <testcase name="test0868" classname="randoop.RegressionTest1" time="0.0">
    <system-out><![CDATA[✅ Reservation added successfully!
✅ Reservation added successfully!
]]></system-out>
  </testcase>
  <testcase name="test0869" classname="randoop.RegressionTest1" time="0.0"/>
  <testcase name="test0870" classname="randoop.RegressionTest1" time="0.0"/>
  <testcase name="test0871" classname="randoop.RegressionTest1" time="0.001"/>
  <testcase name="test0872" classname="randoop.RegressionTest1" time="0.002">
    <system-out><![CDATA[✅ Reservation added successfully!
]]></system-out>
  </testcase>
  <testcase name="test0873" classname="randoop.RegressionTest1" time="0.0">
    <system-out><![CDATA[✅ Reservation added successfully!
✅ Reservation added successfully!
✅ Reservation added successfully!
✅ Reservation added successfully!
✅ Reservation added successfully!
✅ Reservation added successfully!
✅ Reservation added successfully!
✅ Reservation added successfully!
✅ Reservation added successfully!
✅ Reservation added successfully!
✅ Reservation added successfully!
]]></system-out>
  </testcase>
  <testcase name="test0874" classname="randoop.RegressionTest1" time="0.0"/>
  <testcase name="test0875" classname="randoop.RegressionTest1" time="0.001">
    <system-out><![CDATA[✅ Reservation added successfully!
]]></system-out>
  </testcase>
  <testcase name="test0876" classname="randoop.RegressionTest1" time="0.0"/>
  <testcase name="test0877" classname="randoop.RegressionTest1" time="0.0"/>
  <testcase name="test0878" classname="randoop.RegressionTest1" time="0.001"/>
  <testcase name="test0879" classname="randoop.RegressionTest1" time="0.0"/>
  <testcase name="test0880" classname="randoop.RegressionTest1" time="0.0"/>
  <testcase name="test0881" classname="randoop.RegressionTest1" time="0.001">
    <system-out><![CDATA[✅ Reservation added successfully!
✅ Reservation added successfully!
✅ Reservation added successfully!
]]></system-out>
  </testcase>
  <testcase name="test0882" classname="randoop.RegressionTest1" time="0.001"/>
  <testcase name="test0883" classname="randoop.RegressionTest1" time="0.0"/>
  <testcase name="test0884" classname="randoop.RegressionTest1" time="0.001">
    <system-out><![CDATA[✅ Reservation added successfully!
✅ Reservation added successfully!
]]></system-out>
  </testcase>
  <testcase name="test0885" classname="randoop.RegressionTest1" time="0.0">
    <system-out><![CDATA[✅ Reservation added successfully!
✅ Reservation added successfully!
✅ Reservation added successfully!
]]></system-out>
  </testcase>
  <testcase name="test0886" classname="randoop.RegressionTest1" time="0.0">
    <system-out><![CDATA[✅ Reservation added successfully!
✅ Reservation added successfully!
✅ Reservation added successfully!
✅ Reservation added successfully!
✅ Reservation added successfully!
]]></system-out>
  </testcase>
  <testcase name="test0887" classname="randoop.RegressionTest1" time="0.0">
    <system-out><![CDATA[✅ Reservation added successfully!
✅ Reservation added successfully!
]]></system-out>
  </testcase>
  <testcase name="test0888" classname="randoop.RegressionTest1" time="0.0">
    <system-out><![CDATA[✅ Reservation added successfully!
✅ Reservation added successfully!
✅ Reservation added successfully!
✅ Reservation added successfully!
]]></system-out>
  </testcase>
  <testcase name="test0889" classname="randoop.RegressionTest1" time="0.0"/>
  <testcase name="test0890" classname="randoop.RegressionTest1" time="0.0"/>
  <testcase name="test0891" classname="randoop.RegressionTest1" time="0.001">
    <system-out><![CDATA[✅ Reservation added successfully!
✅ Reservation added successfully!
✅ Reservation added successfully!
✅ Reservation added successfully!
]]></system-out>
  </testcase>
  <testcase name="test0892" classname="randoop.RegressionTest1" time="0.0">
    <system-out><![CDATA[✅ Reservation added successfully!
✅ Reservation added successfully!
✅ Reservation added successfully!
]]></system-out>
  </testcase>
  <testcase name="test0893" classname="randoop.RegressionTest1" time="0.0">
    <system-out><![CDATA[✅ Reservation added successfully!
✅ Reservation added successfully!
✅ Reservation added successfully!
]]></system-out>
  </testcase>
  <testcase name="test0894" classname="randoop.RegressionTest1" time="0.0">
    <system-out><![CDATA[✅ Reservation added successfully!
]]></system-out>
  </testcase>
  <testcase name="test0895" classname="randoop.RegressionTest1" time="0.0"/>
  <testcase name="test0896" classname="randoop.RegressionTest1" time="0.0"/>
  <testcase name="test0897" classname="randoop.RegressionTest1" time="0.0">
    <system-out><![CDATA[✅ Reservation added successfully!
✅ Reservation added successfully!
✅ Reservation added successfully!
]]></system-out>
  </testcase>
  <testcase name="test0898" classname="randoop.RegressionTest1" time="0.0"/>
  <testcase name="test0899" classname="randoop.RegressionTest1" time="0.001"/>
  <testcase name="test0900" classname="randoop.RegressionTest1" time="0.001">
    <system-out><![CDATA[✅ Reservation added successfully!
✅ Reservation added successfully!
✅ Reservation added successfully!
✅ Reservation added successfully!
✅ Reservation added successfully!
✅ Reservation added successfully!
]]></system-out>
  </testcase>
  <testcase name="test0901" classname="randoop.RegressionTest1" time="0.0"/>
  <testcase name="test0902" classname="randoop.RegressionTest1" time="0.0">
    <system-out><![CDATA[✅ Reservation added successfully!
]]></system-out>
  </testcase>
  <testcase name="test0903" classname="randoop.RegressionTest1" time="0.0">
    <system-out><![CDATA[✅ Reservation added successfully!
✅ Reservation added successfully!
✅ Reservation added successfully!
]]></system-out>
  </testcase>
  <testcase name="test0904" classname="randoop.RegressionTest1" time="0.0"/>
  <testcase name="test0905" classname="randoop.RegressionTest1" time="0.002"/>
  <testcase name="test0906" classname="randoop.RegressionTest1" time="0.0">
    <system-out><![CDATA[✅ Reservation added successfully!
✅ Reservation added successfully!
]]></system-out>
  </testcase>
  <testcase name="test0907" classname="randoop.RegressionTest1" time="0.0">
    <system-out><![CDATA[✅ Reservation added successfully!
]]></system-out>
  </testcase>
  <testcase name="test0908" classname="randoop.RegressionTest1" time="0.0">
    <system-out><![CDATA[✅ Reservation added successfully!
✅ Reservation added successfully!
✅ Reservation added successfully!
✅ Reservation added successfully!
]]></system-out>
  </testcase>
  <testcase name="test0909" classname="randoop.RegressionTest1" time="0.0"/>
  <testcase name="test0910" classname="randoop.RegressionTest1" time="0.0">
    <system-out><![CDATA[✅ Reservation added successfully!
✅ Reservation added successfully!
✅ Reservation added successfully!
]]></system-out>
  </testcase>
  <testcase name="test0911" classname="randoop.RegressionTest1" time="0.0">
    <system-out><![CDATA[✅ Reservation added successfully!
]]></system-out>
  </testcase>
  <testcase name="test0912" classname="randoop.RegressionTest1" time="0.0"/>
  <testcase name="test0913" classname="randoop.RegressionTest1" time="0.0"/>
  <testcase name="test0914" classname="randoop.RegressionTest1" time="0.0">
    <system-out><![CDATA[✅ Reservation added successfully!
]]></system-out>
  </testcase>
  <testcase name="test0915" classname="randoop.RegressionTest1" time="0.0">
    <system-out><![CDATA[✅ Reservation added successfully!
✅ Reservation added successfully!
]]></system-out>
  </testcase>
  <testcase name="test0916" classname="randoop.RegressionTest1" time="0.001">
    <system-out><![CDATA[✅ Reservation added successfully!
]]></system-out>
  </testcase>
  <testcase name="test0917" classname="randoop.RegressionTest1" time="0.0"/>
  <testcase name="test0918" classname="randoop.RegressionTest1" time="0.0"/>
  <testcase name="test0919" classname="randoop.RegressionTest1" time="0.0"/>
  <testcase name="test0920" classname="randoop.RegressionTest1" time="0.0">
    <system-out><![CDATA[✅ Reservation added successfully!
✅ Reservation added successfully!
✅ Reservation added successfully!
✅ Reservation added successfully!
✅ Reservation added successfully!
]]></system-out>
  </testcase>
  <testcase name="test0921" classname="randoop.RegressionTest1" time="0.002"/>
  <testcase name="test0922" classname="randoop.RegressionTest1" time="0.0">
    <system-out><![CDATA[✅ Reservation added successfully!
✅ Reservation added successfully!
]]></system-out>
  </testcase>
  <testcase name="test0923" classname="randoop.RegressionTest1" time="0.0">
    <system-out><![CDATA[✅ Reservation added successfully!
✅ Reservation added successfully!
✅ Reservation added successfully!
✅ Reservation added successfully!
]]></system-out>
  </testcase>
  <testcase name="test0924" classname="randoop.RegressionTest1" time="0.0"/>
  <testcase name="test0925" classname="randoop.RegressionTest1" time="0.0"/>
  <testcase name="test0926" classname="randoop.RegressionTest1" time="0.001">
    <system-out><![CDATA[✅ Reservation added successfully!
✅ Reservation added successfully!
✅ Reservation added successfully!
✅ Reservation added successfully!
✅ Reservation added successfully!
]]></system-out>
  </testcase>
  <testcase name="test0927" classname="randoop.RegressionTest1" time="0.0">
    <system-out><![CDATA[✅ Reservation added successfully!
✅ Reservation added successfully!
]]></system-out>
  </testcase>
  <testcase name="test0928" classname="randoop.RegressionTest1" time="0.0">
    <system-out><![CDATA[✅ Reservation added successfully!
✅ Reservation added successfully!
✅ Reservation added successfully!
✅ Reservation added successfully!
✅ Reservation added successfully!
✅ Reservation added successfully!
]]></system-out>
  </testcase>
  <testcase name="test0929" classname="randoop.RegressionTest1" time="0.0">
    <system-out><![CDATA[✅ Reservation added successfully!
✅ Reservation added successfully!
]]></system-out>
  </testcase>
  <testcase name="test0930" classname="randoop.RegressionTest1" time="0.0"/>
  <testcase name="test0931" classname="randoop.RegressionTest1" time="0.0"/>
  <testcase name="test0932" classname="randoop.RegressionTest1" time="0.0">
    <system-out><![CDATA[✅ Reservation added successfully!
✅ Reservation added successfully!
]]></system-out>
  </testcase>
  <testcase name="test0933" classname="randoop.RegressionTest1" time="0.0">
    <system-out><![CDATA[✅ Reservation added successfully!
✅ Reservation added successfully!
✅ Reservation added successfully!
]]></system-out>
  </testcase>
  <testcase name="test0934" classname="randoop.RegressionTest1" time="0.0">
    <system-out><![CDATA[✅ Reservation added successfully!
✅ Reservation added successfully!
✅ Reservation added successfully!
✅ Reservation added successfully!
]]></system-out>
  </testcase>
  <testcase name="test0935" classname="randoop.RegressionTest1" time="0.001">
    <system-out><![CDATA[✅ Reservation added successfully!
✅ Reservation added successfully!
✅ Reservation added successfully!
✅ Reservation added successfully!
]]></system-out>
  </testcase>
  <testcase name="test0936" classname="randoop.RegressionTest1" time="0.0">
    <system-out><![CDATA[✅ Reservation added successfully!
]]></system-out>
  </testcase>
  <testcase name="test0937" classname="randoop.RegressionTest1" time="0.0"/>
  <testcase name="test0938" classname="randoop.RegressionTest1" time="0.0">
    <system-out><![CDATA[✅ Reservation added successfully!
✅ Reservation added successfully!
✅ Reservation added successfully!
✅ Reservation added successfully!
]]></system-out>
  </testcase>
  <testcase name="test0939" classname="randoop.RegressionTest1" time="0.0">
    <system-out><![CDATA[✅ Reservation added successfully!
✅ Reservation added successfully!
✅ Reservation added successfully!
✅ Reservation added successfully!
✅ Reservation added successfully!
]]></system-out>
  </testcase>
  <testcase name="test0940" classname="randoop.RegressionTest1" time="0.001">
    <system-out><![CDATA[✅ Reservation added successfully!
✅ Reservation added successfully!
✅ Reservation added successfully!
✅ Reservation added successfully!
]]></system-out>
  </testcase>
  <testcase name="test0941" classname="randoop.RegressionTest1" time="0.0"/>
  <testcase name="test0942" classname="randoop.RegressionTest1" time="0.0">
    <system-out><![CDATA[✅ Reservation added successfully!
✅ Reservation added successfully!
]]></system-out>
  </testcase>
  <testcase name="test0943" classname="randoop.RegressionTest1" time="0.0">
    <system-out><![CDATA[✅ Reservation added successfully!
✅ Reservation added successfully!
✅ Reservation added successfully!
✅ Reservation added successfully!
✅ Reservation added successfully!
]]></system-out>
  </testcase>
  <testcase name="test0944" classname="randoop.RegressionTest1" time="0.0"/>
  <testcase name="test0945" classname="randoop.RegressionTest1" time="0.001">
    <system-out><![CDATA[✅ Reservation added successfully!
✅ Reservation added successfully!
✅ Reservation added successfully!
✅ Reservation added successfully!
]]></system-out>
  </testcase>
  <testcase name="test0946" classname="randoop.RegressionTest1" time="0.0"/>
  <testcase name="test0947" classname="randoop.RegressionTest1" time="0.0">
    <system-out><![CDATA[✅ Reservation added successfully!
]]></system-out>
  </testcase>
  <testcase name="test0948" classname="randoop.RegressionTest1" time="0.0">
    <system-out><![CDATA[✅ Reservation added successfully!
✅ Reservation added successfully!
✅ Reservation added successfully!
✅ Reservation added successfully!
]]></system-out>
  </testcase>
  <testcase name="test0949" classname="randoop.RegressionTest1" time="0.0">
    <system-out><![CDATA[✅ Reservation added successfully!
✅ Reservation added successfully!
✅ Reservation added successfully!
✅ Reservation added successfully!
]]></system-out>
  </testcase>
  <testcase name="test0950" classname="randoop.RegressionTest1" time="0.0"/>
  <testcase name="test0951" classname="randoop.RegressionTest1" time="0.0">
    <system-out><![CDATA[✅ Reservation added successfully!
✅ Reservation added successfully!
✅ Reservation added successfully!
]]></system-out>
  </testcase>
  <testcase name="test0952" classname="randoop.RegressionTest1" time="0.0">
    <system-out><![CDATA[✅ Reservation added successfully!
✅ Reservation added successfully!
]]></system-out>
  </testcase>
  <testcase name="test0953" classname="randoop.RegressionTest1" time="0.002"/>
  <testcase name="test0954" classname="randoop.RegressionTest1" time="0.0"/>
  <testcase name="test0955" classname="randoop.RegressionTest1" time="0.0">
    <system-out><![CDATA[✅ Reservation added successfully!
✅ Reservation added successfully!
✅ Reservation added successfully!
✅ Reservation added successfully!
]]></system-out>
  </testcase>
  <testcase name="test0956" classname="randoop.RegressionTest1" time="0.0"/>
  <testcase name="test0957" classname="randoop.RegressionTest1" time="0.0"/>
  <testcase name="test0958" classname="randoop.RegressionTest1" time="0.001">
    <system-out><![CDATA[✅ Reservation added successfully!
✅ Reservation added successfully!
✅ Reservation added successfully!
✅ Reservation added successfully!
✅ Reservation added successfully!
]]></system-out>
  </testcase>
  <testcase name="test0959" classname="randoop.RegressionTest1" time="0.0">
    <system-out><![CDATA[✅ Reservation added successfully!
✅ Reservation added successfully!
✅ Reservation added successfully!
✅ Reservation added successfully!
✅ Reservation added successfully!
✅ Reservation added successfully!
✅ Reservation added successfully!
✅ Reservation added successfully!
✅ Reservation added successfully!
✅ Reservation added successfully!
]]></system-out>
  </testcase>
  <testcase name="test0960" classname="randoop.RegressionTest1" time="0.0">
    <system-out><![CDATA[✅ Reservation added successfully!
]]></system-out>
  </testcase>
  <testcase name="test0961" classname="randoop.RegressionTest1" time="0.0">
    <system-out><![CDATA[✅ Reservation added successfully!
✅ Reservation added successfully!
✅ Reservation added successfully!
✅ Reservation added successfully!
✅ Reservation added successfully!
✅ Reservation added successfully!
]]></system-out>
  </testcase>
  <testcase name="test0962" classname="randoop.RegressionTest1" time="0.0"/>
  <testcase name="test0963" classname="randoop.RegressionTest1" time="0.001"/>
  <testcase name="test0964" classname="randoop.RegressionTest1" time="0.0">
    <system-out><![CDATA[✅ Reservation added successfully!
✅ Reservation added successfully!
✅ Reservation added successfully!
]]></system-out>
  </testcase>
  <testcase name="test0965" classname="randoop.RegressionTest1" time="0.0">
    <system-out><![CDATA[✅ Reservation added successfully!
]]></system-out>
  </testcase>
  <testcase name="test0966" classname="randoop.RegressionTest1" time="0.0">
    <system-out><![CDATA[✅ Reservation added successfully!
✅ Reservation added successfully!
✅ Reservation added successfully!
✅ Reservation added successfully!
✅ Reservation added successfully!
✅ Reservation added successfully!
✅ Reservation added successfully!
✅ Reservation added successfully!
✅ Reservation added successfully!
✅ Reservation added successfully!
✅ Reservation added successfully!
✅ Reservation added successfully!
]]></system-out>
  </testcase>
  <testcase name="test0967" classname="randoop.RegressionTest1" time="0.001"/>
  <testcase name="test0968" classname="randoop.RegressionTest1" time="0.0">
    <system-out><![CDATA[✅ Reservation added successfully!
✅ Reservation added successfully!
]]></system-out>
  </testcase>
  <testcase name="test0969" classname="randoop.RegressionTest1" time="0.0">
    <system-out><![CDATA[✅ Reservation added successfully!
✅ Reservation added successfully!
✅ Reservation added successfully!
✅ Reservation added successfully!
]]></system-out>
  </testcase>
  <testcase name="test0970" classname="randoop.RegressionTest1" time="0.0">
    <system-out><![CDATA[✅ Reservation added successfully!
]]></system-out>
  </testcase>
  <testcase name="test0971" classname="randoop.RegressionTest1" time="0.0">
    <system-out><![CDATA[✅ Reservation added successfully!
✅ Reservation added successfully!
✅ Reservation added successfully!
]]></system-out>
  </testcase>
  <testcase name="test0972" classname="randoop.RegressionTest1" time="0.001"/>
  <testcase name="test0973" classname="randoop.RegressionTest1" time="0.0">
    <system-out><![CDATA[✅ Reservation added successfully!
✅ Reservation added successfully!
✅ Reservation added successfully!
✅ Reservation added successfully!
]]></system-out>
  </testcase>
  <testcase name="test0974" classname="randoop.RegressionTest1" time="0.0"/>
  <testcase name="test0975" classname="randoop.RegressionTest1" time="0.0">
    <system-out><![CDATA[✅ Reservation added successfully!
✅ Reservation added successfully!
✅ Reservation added successfully!
✅ Reservation added successfully!
]]></system-out>
  </testcase>
  <testcase name="test0976" classname="randoop.RegressionTest1" time="0.001"/>
  <testcase name="test0977" classname="randoop.RegressionTest1" time="0.0">
    <system-out><![CDATA[✅ Reservation added successfully!
]]></system-out>
  </testcase>
  <testcase name="test0978" classname="randoop.RegressionTest1" time="0.0">
    <system-out><![CDATA[✅ Reservation added successfully!
✅ Reservation added successfully!
]]></system-out>
  </testcase>
  <testcase name="test0979" classname="randoop.RegressionTest1" time="0.0"/>
  <testcase name="test0980" classname="randoop.RegressionTest1" time="0.0">
    <system-out><![CDATA[✅ Reservation added successfully!
✅ Reservation added successfully!
]]></system-out>
  </testcase>
  <testcase name="test0981" classname="randoop.RegressionTest1" time="0.0">
    <system-out><![CDATA[✅ Reservation added successfully!
✅ Reservation added successfully!
✅ Reservation added successfully!
✅ Reservation added successfully!
✅ Reservation added successfully!
✅ Reservation added successfully!
]]></system-out>
  </testcase>
  <testcase name="test0982" classname="randoop.RegressionTest1" time="0.0"/>
  <testcase name="test0983" classname="randoop.RegressionTest1" time="0.0"/>
  <testcase name="test0984" classname="randoop.RegressionTest1" time="0.0">
    <system-out><![CDATA[✅ Reservation added successfully!
✅ Reservation added successfully!
✅ Reservation added successfully!
✅ Reservation added successfully!
✅ Reservation added successfully!
✅ Reservation added successfully!
✅ Reservation added successfully!
]]></system-out>
  </testcase>
  <testcase name="test0985" classname="randoop.RegressionTest1" time="0.0"/>
  <testcase name="test0986" classname="randoop.RegressionTest1" time="0.0"/>
  <testcase name="test0987" classname="randoop.RegressionTest1" time="0.0">
    <system-out><![CDATA[✅ Reservation added successfully!
]]></system-out>
  </testcase>
  <testcase name="test0988" classname="randoop.RegressionTest1" time="0.0"/>
  <testcase name="test0989" classname="randoop.RegressionTest1" time="0.0">
    <system-out><![CDATA[✅ Reservation added successfully!
✅ Reservation added successfully!
✅ Reservation added successfully!
✅ Reservation added successfully!
✅ Reservation added successfully!
✅ Reservation added successfully!
✅ Reservation added successfully!
✅ Reservation added successfully!
]]></system-out>
  </testcase>
  <testcase name="test0990" classname="randoop.RegressionTest1" time="0.0"/>
  <testcase name="test0991" classname="randoop.RegressionTest1" time="0.0"/>
  <testcase name="test0992" classname="randoop.RegressionTest1" time="0.0"/>
  <testcase name="test0993" classname="randoop.RegressionTest1" time="0.0">
    <system-out><![CDATA[✅ Reservation added successfully!
✅ Reservation added successfully!
]]></system-out>
  </testcase>
  <testcase name="test0994" classname="randoop.RegressionTest1" time="0.0">
    <system-out><![CDATA[✅ Reservation added successfully!
✅ Reservation added successfully!
✅ Reservation added successfully!
]]></system-out>
  </testcase>
  <testcase name="test0995" classname="randoop.RegressionTest1" time="0.001">
    <system-out><![CDATA[✅ Reservation added successfully!
✅ Reservation added successfully!
✅ Reservation added successfully!
✅ Reservation added successfully!
✅ Reservation added successfully!
]]></system-out>
  </testcase>
  <testcase name="test0996" classname="randoop.RegressionTest1" time="0.0"/>
  <testcase name="test0997" classname="randoop.RegressionTest1" time="0.0"/>
  <testcase name="test0998" classname="randoop.RegressionTest1" time="0.0"/>
  <testcase name="test0999" classname="randoop.RegressionTest1" time="0.0"/>
  <testcase name="test1000" classname="randoop.RegressionTest1" time="0.0"/>
</testsuite>