<?xml version="1.0" encoding="UTF-8"?>
<testsuite xmlns:xsi="http://www.w3.org/2001/XMLSchema-instance" xsi:noNamespaceSchemaLocation="https://maven.apache.org/surefire/maven-surefire-plugin/xsd/surefire-test-report-3.0.xsd" version="3.0" name="randoop.RegressionTest4" time="0.048" tests="151" errors="0" skipped="0" failures="0">
  <properties>
[...]
</properties>
  <testcase name="test2001" classname="randoop.RegressionTest4" time="0.001">
    <system-out><![CDATA[✅ Reservation added successfully!
]]></system-out>
  </testcase>
  <testcase name="test2002" classname="randoop.RegressionTest4" time="0.0">
    <system-out><![CDATA[✅ Reservation added successfully!
]]></system-out>
  </testcase>
  <testcase name="test2003" classname="randoop.RegressionTest4" time="0.0">
    <system-out><![CDATA[✅ Reservation added successfully!
]]></system-out>
  </testcase>
  <testcase name="test2004" classname="randoop.RegressionTest4" time="0.0">
    <system-out><![CDATA[✅ Reservation added successfully!
]]></system-out>
  </testcase>
  <testcase name="test2005" classname="randoop.RegressionTest4" time="0.0">
    <system-out><![CDATA[✅ Reservation added successfully!
]]></system-out>
  </testcase>
  <testcase name="test2006" classname="randoop.RegressionTest4" time="0.0">
    <system-out><![CDATA[✅ Reservation added successfully!
]]></system-out>
  </testcase>
  <testcase name="test2007" classname="randoop.RegressionTest4" time="0.0">
    <system-out><![CDATA[✅ Reservation added successfully!
]]></system-out>
  </testcase>
  <testcase name="test2008" classname="randoop.RegressionTest4" time="0.001">
    <system-out><![CDATA[✅ Reservation added successfully!
]]></system-out>
  </testcase>
  <testcase name="test2009" classname="randoop.RegressionTest4" time="0.0">
    <system-out><![CDATA[✅ Reservation added successfully!
]]></system-out>
  </testcase>
  <testcase name="test2010" classname="randoop.RegressionTest4" time="0.001">
    <system-out><![CDATA[✅ Reservation added successfully!
]]></system-out>
  </testcase>
  <testcase name="test2011" classname="randoop.RegressionTest4" time="0.0">
    <system-out><![CDATA[✅ Reservation added successfully!
]]></system-out>
  </testcase>
  <testcase name="test2012" classname="randoop.RegressionTest4" time="0.001">
    <system-out><![CDATA[✅ Reservation added successfully!
]]></system-out>
  </testcase>
  <testcase name="test2013" classname="randoop.RegressionTest4" time="0.0">
    <system-out><![CDATA[✅ Reservation added successfully!
]]></system-out>
  </testcase>
  <testcase name="test2014" classname="randoop.RegressionTest4" time="0.0">
    <system-out><![CDATA[✅ Reservation added successfully!
]]></system-out>
  </testcase>
  <testcase name="test2015" classname="randoop.RegressionTest4" time="0.0">
    <system-out><![CDATA[✅ Reservation added successfully!
]]></system-out>
  </testcase>
  <testcase name="test2016" classname="randoop.RegressionTest4" time="0.0">
    <system-out><![CDATA[✅ Reservation added successfully!
]]></system-out>
  </testcase>
  <testcase name="test2017" classname="randoop.RegressionTest4" time="0.001">
    <system-out><![CDATA[✅ Reservation added successfully!
]]></system-out>
  </testcase>
  <testcase name="test2018" classname="randoop.RegressionTest4" time="0.0">
    <system-out><![CDATA[✅ Reservation added successfully!
]]></system-out>
  </testcase>
  <testcase name="test2019" classname="randoop.RegressionTest4" time="0.0">
    <system-out><![CDATA[✅ Reservation added successfully!
]]></system-out>
  </testcase>
  <testcase name="test2020" classname="randoop.RegressionTest4" time="0.0">
    <system-out><![CDATA[✅ Reservation added successfully!
]]></system-out>
  </testcase>
  <testcase name="test2021" classname="randoop.RegressionTest4" time="0.0">
    <system-out><![CDATA[✅ Reservation added successfully!
]]></system-out>
  </testcase>
  <testcase name="test2022" classname="randoop.RegressionTest4" time="0.0">
    <system-out><![CDATA[✅ Reservation added successfully!
]]></system-out>
  </testcase>
  <testcase name="test2023" classname="randoop.RegressionTest4" time="0.001">
    <system-out><![CDATA[✅ Reservation added successfully!
]]></system-out>
  </testcase>
  <testcase name="test2024" classname="randoop.RegressionTest4" time="0.0">
    <system-out><![CDATA[✅ Reservation added successfully!
]]></system-out>
  </testcase>
  <testcase name="test2025" classname="randoop.RegressionTest4" time="0.0">
    <system-out><![CDATA[✅ Reservation added successfully!
]]></system-out>
  </testcase>
  <testcase name="test2026" classname="randoop.RegressionTest4" time="0.0">
    <system-out><![CDATA[✅ Reservation added successfully!
]]></system-out>
  </testcase>
  <testcase name="test2027" classname="randoop.RegressionTest4" time="0.0">
    <system-out><![CDATA[✅ Reservation added successfully!
]]></system-out>
  </testcase>
  <testcase name="test2028" classname="randoop.RegressionTest4" time="0.0">
    <system-out><![CDATA[✅ Reservation added successfully!
]]></system-out>
  </testcase>
  <testcase name="test2029" classname="randoop.RegressionTest4" time="0.0">
    <system-out><![CDATA[✅ Reservation added successfully!
]]></system-out>
  </testcase>
  <testcase name="test2030" classname="randoop.RegressionTest4" time="0.0">
    <system-out><![CDATA[✅ Reservation added successfully!
]]></system-out>
  </testcase>
  <testcase name="test2031" classname="randoop.RegressionTest4" time="0.0">
    <system-out><![CDATA[✅ Reservation added successfully!
]]></system-out>
  </testcase>
  <testcase name="test2032" classname="randoop.RegressionTest4" time="0.0">
    <system-out><![CDATA[✅ Reservation added successfully!
]]></system-out>
  </testcase>
  <testcase name="test2033" classname="randoop.RegressionTest4" time="0.0">
    <system-out><![CDATA[✅ Reservation added successfully!
]]></system-out>
  </testcase>
  <testcase name="test2034" classname="randoop.RegressionTest4" time="0.0">
    <system-out><![CDATA[✅ Reservation added successfully!
]]></system-out>
  </testcase>
  <testcase name="test2035" classname="randoop.RegressionTest4" time="0.0">
    <system-out><![CDATA[✅ Reservation added successfully!
]]></system-out>
  </testcase>
  <testcase name="test2036" classname="randoop.RegressionTest4" time="0.0">
    <system-out><![CDATA[✅ Reservation added successfully!
]]></system-out>
  </testcase>
  <testcase name="test2037" classname="randoop.RegressionTest4" time="0.0">
    <system-out><![CDATA[✅ Reservation added successfully!
]]></system-out>
  </testcase>
  <testcase name="test2038" classname="randoop.RegressionTest4" time="0.0">
    <system-out><![CDATA[✅ Reservation added successfully!
]]></system-out>
  </testcase>
  <testcase name="test2039" classname="randoop.RegressionTest4" time="0.006">
    <system-out><![CDATA[✅ Reservation added successfully!
]]></system-out>
  </testcase>
  <testcase name="test2040" classname="randoop.RegressionTest4" time="0.001">
    <system-out><![CDATA[✅ Reservation added successfully!
]]></system-out>
  </testcase>
  <testcase name="test2041" classname="randoop.RegressionTest4" time="0.0">
    <system-out><![CDATA[✅ Reservation added successfully!
]]></system-out>
  </testcase>
  <testcase name="test2042" classname="randoop.RegressionTest4" time="0.0">
    <system-out><![CDATA[✅ Reservation added successfully!
]]></system-out>
  </testcase>
  <testcase name="test2043" classname="randoop.RegressionTest4" time="0.001">
    <system-out><![CDATA[✅ Reservation added successfully!
]]></system-out>
  </testcase>
  <testcase name="test2044" classname="randoop.RegressionTest4" time="0.0">
    <system-out><![CDATA[✅ Reservation added successfully!
]]></system-out>
  </testcase>
  <testcase name="test2045" classname="randoop.RegressionTest4" time="0.0"/>
  <testcase name="test2046" classname="randoop.RegressionTest4" time="0.0">
    <system-out><![CDATA[✅ Reservation added successfully!
]]></system-out>
  </testcase>
  <testcase name="test2047" classname="randoop.RegressionTest4" time="0.0">
    <system-out><![CDATA[✅ Reservation added successfully!
]]></system-out>
  </testcase>
  <testcase name="test2048" classname="randoop.RegressionTest4" time="0.0"/>
  <testcase name="test2049" classname="randoop.RegressionTest4" time="0.0">
    <system-out><![CDATA[✅ Reservation added successfully!
]]></system-out>
  </testcase>
  <testcase name="test2050" classname="randoop.RegressionTest4" time="0.0">
    <system-out><![CDATA[✅ Reservation added successfully!
]]></system-out>
  </testcase>
  <testcase name="test2051" classname="randoop.RegressionTest4" time="0.0">
    <system-out><![CDATA[✅ Reservation added successfully!
]]></system-out>
  </testcase>
  <testcase name="test2052" classname="randoop.RegressionTest4" time="0.0">
    <system-out><![CDATA[✅ Reservation added successfully!
]]></system-out>
  </testcase>
  <testcase name="test2053" classname="randoop.RegressionTest4" time="0.0">
    <system-out><![CDATA[✅ Reservation added successfully!
]]></system-out>
  </testcase>
  <testcase name="test2054" classname="randoop.RegressionTest4" time="0.001">
    <system-out><![CDATA[✅ Reservation added successfully!
]]></system-out>
  </testcase>
  <testcase name="test2055" classname="randoop.RegressionTest4" time="0.0">
    <system-out><![CDATA[✅ Reservation added successfully!
]]></system-out>
  </testcase>
  <testcase name="test2056" classname="randoop.RegressionTest4" time="0.0">
    <system-out><![CDATA[✅ Reservation added successfully!
]]></system-out>
  </testcase>
  <testcase name="test2057" classname="randoop.RegressionTest4" time="0.0">
    <system-out><![CDATA[✅ Reservation added successfully!
]]></system-out>
  </testcase>
  <testcase name="test2058" classname="randoop.RegressionTest4" time="0.0">
    <system-out><![CDATA[✅ Reservation added successfully!
]]></system-out>
  </testcase>
  <testcase name="test2059" classname="randoop.RegressionTest4" time="0.0">
    <system-out><![CDATA[✅ Reservation added successfully!
]]></system-out>
  </testcase>
  <testcase name="test2060" classname="randoop.RegressionTest4" time="0.0">
    <system-out><![CDATA[✅ Reservation added successfully!
]]></system-out>
  </testcase>
  <testcase name="test2061" classname="randoop.RegressionTest4" time="0.0">
    <system-out><![CDATA[✅ Reservation added successfully!
]]></system-out>
  </testcase>
  <testcase name="test2062" classname="randoop.RegressionTest4" time="0.0">
    <system-out><![CDATA[✅ Reservation added successfully!
]]></system-out>
  </testcase>
  <testcase name="test2063" classname="randoop.RegressionTest4" time="0.0">
    <system-out><![CDATA[✅ Reservation added successfully!
]]></system-out>
  </testcase>
  <testcase name="test2064" classname="randoop.RegressionTest4" time="0.0">
    <system-out><![CDATA[✅ Reservation added successfully!
]]></system-out>
  </testcase>
  <testcase name="test2065" classname="randoop.RegressionTest4" time="0.0">
    <system-out><![CDATA[✅ Reservation added successfully!
]]></system-out>
  </testcase>
  <testcase name="test2066" classname="randoop.RegressionTest4" time="0.0">
    <system-out><![CDATA[✅ Reservation added successfully!
]]></system-out>
  </testcase>
  <testcase name="test2067" classname="randoop.RegressionTest4" time="0.0"/>
  <testcase name="test2068" classname="randoop.RegressionTest4" time="0.0">
    <system-out><![CDATA[✅ Reservation added successfully!
]]></system-out>
  </testcase>
  <testcase name="test2069" classname="randoop.RegressionTest4" time="0.0">
    <system-out><![CDATA[✅ Reservation added successfully!
]]></system-out>
  </testcase>
  <testcase name="test2070" classname="randoop.RegressionTest4" time="0.0">
    <system-out><![CDATA[✅ Reservation added successfully!
]]></system-out>
  </testcase>
  <testcase name="test2071" classname="randoop.RegressionTest4" time="0.0">
    <system-out><![CDATA[✅ Reservation added successfully!
]]></system-out>
  </testcase>
  <testcase name="test2072" classname="randoop.RegressionTest4" time="0.0">
    <system-out><![CDATA[✅ Reservation added successfully!
]]></system-out>
  </testcase>
  <testcase name="test2073" classname="randoop.RegressionTest4" time="0.001">
    <system-out><![CDATA[✅ Reservation added successfully!
]]></system-out>
  </testcase>
  <testcase name="test2074" classname="randoop.RegressionTest4" time="0.0">
    <system-out><![CDATA[✅ Reservation added successfully!
]]></system-out>
  </testcase>
  <testcase name="test2075" classname="randoop.RegressionTest4" time="0.0">
    <system-out><![CDATA[✅ Reservation added successfully!
]]></system-out>
  </testcase>
  <testcase name="test2076" classname="randoop.RegressionTest4" time="0.0">
    <system-out><![CDATA[✅ Reservation added successfully!
]]></system-out>
  </testcase>
  <testcase name="test2077" classname="randoop.RegressionTest4" time="0.0">
    <system-out><![CDATA[✅ Reservation added successfully!
]]></system-out>
  </testcase>
  <testcase name="test2078" classname="randoop.RegressionTest4" time="0.0">
    <system-out><![CDATA[✅ Reservation added successfully!
]]></system-out>
  </testcase>
  <testcase name="test2079" classname="randoop.RegressionTest4" time="0.0">
    <system-out><![CDATA[✅ Reservation added successfully!
]]></system-out>
  </testcase>
  <testcase name="test2080" classname="randoop.RegressionTest4" time="0.0">
    <system-out><![CDATA[✅ Reservation added successfully!
]]></system-out>
  </testcase>
  <testcase name="test2081" classname="randoop.RegressionTest4" time="0.0">
    <system-out><![CDATA[✅ Reservation added successfully!
]]></system-out>
  </testcase>
  <testcase name="test2082" classname="randoop.RegressionTest4" time="0.0">
    <system-out><![CDATA[✅ Reservation added successfully!
]]></system-out>
  </testcase>
  <testcase name="test2083" classname="randoop.RegressionTest4" time="0.0">
    <system-out><![CDATA[✅ Reservation added successfully!
]]></system-out>
  </testcase>
  <testcase name="test2084" classname="randoop.RegressionTest4" time="0.0">
    <system-out><![CDATA[✅ Reservation added successfully!
]]></system-out>
  </testcase>
  <testcase name="test2085" classname="randoop.RegressionTest4" time="0.0">
    <system-out><![CDATA[✅ Reservation added successfully!
]]></system-out>
  </testcase>
  <testcase name="test2086" classname="randoop.RegressionTest4" time="0.0">
    <system-out><![CDATA[✅ Reservation added successfully!
]]></system-out>
  </testcase>
  <testcase name="test2087" classname="randoop.RegressionTest4" time="0.0">
    <system-out><![CDATA[✅ Reservation added successfully!
]]></system-out>
  </testcase>
  <testcase name="test2088" classname="randoop.RegressionTest4" time="0.0">
    <system-out><![CDATA[✅ Reservation added successfully!
]]></system-out>
  </testcase>
  <testcase name="test2089" classname="randoop.RegressionTest4" time="0.0">
    <system-out><![CDATA[✅ Reservation added successfully!
]]></system-out>
  </testcase>
  <testcase name="test2090" classname="randoop.RegressionTest4" time="0.0">
    <system-out><![CDATA[✅ Reservation added successfully!
]]></system-out>
  </testcase>
  <testcase name="test2091" classname="randoop.RegressionTest4" time="0.001">
    <system-out><![CDATA[✅ Reservation added successfully!
]]></system-out>
  </testcase>
  <testcase name="test2092" classname="randoop.RegressionTest4" time="0.0">
    <system-out><![CDATA[✅ Reservation added successfully!
]]></system-out>
  </testcase>
  <testcase name="test2093" classname="randoop.RegressionTest4" time="0.0">
    <system-out><![CDATA[✅ Reservation added successfully!
]]></system-out>
  </testcase>
  <testcase name="test2094" classname="randoop.RegressionTest4" time="0.0">
    <system-out><![CDATA[✅ Reservation added successfully!
]]></system-out>
  </testcase>
  <testcase name="test2095" classname="randoop.RegressionTest4" time="0.0">
    <system-out><![CDATA[✅ Reservation added successfully!
]]></system-out>
  </testcase>
  <testcase name="test2096" classname="randoop.RegressionTest4" time="0.0">
    <system-out><![CDATA[✅ Reservation added successfully!
]]></system-out>
  </testcase>
  <testcase name="test2097" classname="randoop.RegressionTest4" time="0.0">
    <system-out><![CDATA[✅ Reservation added successfully!
]]></system-out>
  </testcase>
  <testcase name="test2098" classname="randoop.RegressionTest4" time="0.001">
    <system-out><![CDATA[✅ Reservation added successfully!
]]></system-out>
  </testcase>
  <testcase name="test2099" classname="randoop.RegressionTest4" time="0.0">
    <system-out><![CDATA[✅ Reservation added successfully!
]]></system-out>
  </testcase>
  <testcase name="test2100" classname="randoop.RegressionTest4" time="0.0">
    <system-out><![CDATA[✅ Reservation added successfully!
]]></system-out>
  </testcase>
  <testcase name="test2101" classname="randoop.RegressionTest4" time="0.0">
    <system-out><![CDATA[✅ Reservation added successfully!
]]></system-out>
  </testcase>
  <testcase name="test2102" classname="randoop.RegressionTest4" time="0.0">
    <system-out><![CDATA[✅ Reservation added successfully!
]]></system-out>
  </testcase>
  <testcase name="test2103" classname="randoop.RegressionTest4" time="0.001">
    <system-out><![CDATA[✅ Reservation added successfully!
]]></system-out>
  </testcase>
  <testcase name="test2104" classname="randoop.RegressionTest4" time="0.0">
    <system-out><![CDATA[✅ Reservation added successfully!
]]></system-out>
  </testcase>
  <testcase name="test2105" classname="randoop.RegressionTest4" time="0.0">
    <system-out><![CDATA[✅ Reservation added successfully!
]]></system-out>
  </testcase>
  <testcase name="test2106" classname="randoop.RegressionTest4" time="0.0">
    <system-out><![CDATA[✅ Reservation added successfully!
]]></system-out>
  </testcase>
  <testcase name="test2107" classname="randoop.RegressionTest4" time="0.0">
    <system-out><![CDATA[✅ Reservation added successfully!
]]></system-out>
  </testcase>
  <testcase name="test2108" classname="randoop.RegressionTest4" time="0.0">
    <system-out><![CDATA[✅ Reservation added successfully!
]]></system-out>
  </testcase>
  <testcase name="test2109" classname="randoop.RegressionTest4" time="0.001">
    <system-out><![CDATA[✅ Reservation added successfully!
]]></system-out>
  </testcase>
  <testcase name="test2110" classname="randoop.RegressionTest4" time="0.0">
    <system-out><![CDATA[✅ Reservation added successfully!
]]></system-out>
  </testcase>
  <testcase name="test2111" classname="randoop.RegressionTest4" time="0.001">
    <system-out><![CDATA[✅ Reservation added successfully!
]]></system-out>
  </testcase>
  <testcase name="test2112" classname="randoop.RegressionTest4" time="0.001">
    <system-out><![CDATA[✅ Reservation added successfully!
]]></system-out>
  </testcase>
  <testcase name="test2113" classname="randoop.RegressionTest4" time="0.0">
    <system-out><![CDATA[✅ Reservation added successfully!
]]></system-out>
  </testcase>
  <testcase name="test2114" classname="randoop.RegressionTest4" time="0.0">
    <system-out><![CDATA[✅ Reservation added successfully!
]]></system-out>
  </testcase>
  <testcase name="test2115" classname="randoop.RegressionTest4" time="0.001">
    <system-out><![CDATA[✅ Reservation added successfully!
]]></system-out>
  </testcase>
  <testcase name="test2116" classname="randoop.RegressionTest4" time="0.0">
    <system-out><![CDATA[✅ Reservation added successfully!
]]></system-out>
  </testcase>
  <testcase name="test2117" classname="randoop.RegressionTest4" time="0.0">
    <system-out><![CDATA[✅ Reservation added successfully!
]]></system-out>
  </testcase>
  <testcase name="test2118" classname="randoop.RegressionTest4" time="0.0">
    <system-out><![CDATA[✅ Reservation added successfully!
]]></system-out>
  </testcase>
  <testcase name="test2119" classname="randoop.RegressionTest4" time="0.0">
    <system-out><![CDATA[✅ Reservation added successfully!
]]></system-out>
  </testcase>
  <testcase name="test2120" classname="randoop.RegressionTest4" time="0.001">
    <system-out><![CDATA[✅ Reservation added successfully!
]]></system-out>
  </testcase>
  <testcase name="test2121" classname="randoop.RegressionTest4" time="0.0">
    <system-out><![CDATA[✅ Reservation added successfully!
]]></system-out>
  </testcase>
  <testcase name="test2122" classname="randoop.RegressionTest4" time="0.0">
    <system-out><![CDATA[✅ Reservation added successfully!
]]></system-out>
  </testcase>
  <testcase name="test2123" classname="randoop.RegressionTest4" time="0.0">
    <system-out><![CDATA[✅ Reservation added successfully!
]]></system-out>
  </testcase>
  <testcase name="test2124" classname="randoop.RegressionTest4" time="0.0">
    <system-out><![CDATA[✅ Reservation added successfully!
]]></system-out>
  </testcase>
  <testcase name="test2125" classname="randoop.RegressionTest4" time="0.0"/>
  <testcase name="test2126" classname="randoop.RegressionTest4" time="0.0">
    <system-out><![CDATA[✅ Reservation added successfully!
]]></system-out>
  </testcase>
  <testcase name="test2127" classname="randoop.RegressionTest4" time="0.0">
    <system-out><![CDATA[✅ Reservation added successfully!
]]></system-out>
  </testcase>
  <testcase name="test2128" classname="randoop.RegressionTest4" time="0.002">
    <system-out><![CDATA[✅ Reservation added successfully!
]]></system-out>
  </testcase>
  <testcase name="test2129" classname="randoop.RegressionTest4" time="0.0">
    <system-out><![CDATA[✅ Reservation added successfully!
]]></system-out>
  </testcase>
  <testcase name="test2130" classname="randoop.RegressionTest4" time="0.001">
    <system-out><![CDATA[✅ Reservation added successfully!
]]></system-out>
  </testcase>
  <testcase name="test2131" classname="randoop.RegressionTest4" time="0.0">
    <system-out><![CDATA[✅ Reservation added successfully!
]]></system-out>
  </testcase>
  <testcase name="test2132" classname="randoop.RegressionTest4" time="0.001">
    <system-out><![CDATA[✅ Reservation added successfully!
]]></system-out>
  </testcase>
  <testcase name="test2133" classname="randoop.RegressionTest4" time="0.0">
    <system-out><![CDATA[✅ Reservation added successfully!
]]></system-out>
  </testcase>
  <testcase name="test2134" classname="randoop.RegressionTest4" time="0.0">
    <system-out><![CDATA[✅ Reservation added successfully!
]]></system-out>
  </testcase>
  <testcase name="test2135" classname="randoop.RegressionTest4" time="0.001">
    <system-out><![CDATA[✅ Reservation added successfully!
]]></system-out>
  </testcase>
  <testcase name="test2136" classname="randoop.RegressionTest4" time="0.0">
    <system-out><![CDATA[✅ Reservation added successfully!
]]></system-out>
  </testcase>
  <testcase name="test2137" classname="randoop.RegressionTest4" time="0.0">
    <system-out><![CDATA[✅ Reservation added successfully!
]]></system-out>
  </testcase>
  <testcase name="test2138" classname="randoop.RegressionTest4" time="0.001">
    <system-out><![CDATA[✅ Reservation added successfully!
]]></system-out>
  </testcase>
  <testcase name="test2139" classname="randoop.RegressionTest4" time="0.0">
    <system-out><![CDATA[✅ Reservation added successfully!
]]></system-out>
  </testcase>
  <testcase name="test2140" classname="randoop.RegressionTest4" time="0.0">
    <system-out><![CDATA[✅ Reservation added successfully!
]]></system-out>
  </testcase>
  <testcase name="test2141" classname="randoop.RegressionTest4" time="0.001">
    <system-out><![CDATA[✅ Reservation added successfully!
]]></system-out>
  </testcase>
  <testcase name="test2142" classname="randoop.RegressionTest4" time="0.0">
    <system-out><![CDATA[✅ Reservation added successfully!
]]></system-out>
  </testcase>
  <testcase name="test2143" classname="randoop.RegressionTest4" time="0.001">
    <system-out><![CDATA[✅ Reservation added successfully!
]]></system-out>
  </testcase>
  <testcase name="test2144" classname="randoop.RegressionTest4" time="0.0">
    <system-out><![CDATA[✅ Reservation added successfully!
]]></system-out>
  </testcase>
  <testcase name="test2145" classname="randoop.RegressionTest4" time="0.0">
    <system-out><![CDATA[✅ Reservation added successfully!
]]></system-out>
  </testcase>
  <testcase name="test2146" classname="randoop.RegressionTest4" time="0.001">
    <system-out><![CDATA[✅ Reservation added successfully!
]]></system-out>
  </testcase>
  <testcase name="test2147" classname="randoop.RegressionTest4" time="0.0">
    <system-out><![CDATA[✅ Reservation added successfully!
]]></system-out>
  </testcase>
  <testcase name="test2148" classname="randoop.RegressionTest4" time="0.001">
    <system-out><![CDATA[✅ Reservation added successfully!
]]></system-out>
  </testcase>
  <testcase name="test2149" classname="randoop.RegressionTest4" time="0.0">
    <system-out><![CDATA[✅ Reservation added successfully!
]]></system-out>
  </testcase>
  <testcase name="test2150" classname="randoop.RegressionTest4" time="0.0">
    <system-out><![CDATA[✅ Reservation added successfully!
]]></system-out>
  </testcase>
  <testcase name="test2151" classname="randoop.RegressionTest4" time="0.0">
    <system-out><![CDATA[✅ Reservation added successfully!
]]></system-out>
  </testcase>
</testsuite>