<?xml version="1.0" encoding="UTF-8"?>
<testsuite xmlns:xsi="http://www.w3.org/2001/XMLSchema-instance" xsi:noNamespaceSchemaLocation="https://maven.apache.org/surefire/maven-surefire-plugin/xsd/surefire-test-report-3.0.xsd" version="3.0" name="randoop.RegressionTest7" time="0.008" tests="52" errors="0" skipped="0" failures="0">
  <properties>
[...]
</properties>
  <testcase name="test3501" classname="randoop.RegressionTest7" time="0.0"/>
  <testcase name="test3502" classname="randoop.RegressionTest7" time="0.0"/>
  <testcase name="test3503" classname="randoop.RegressionTest7" time="0.001">
    <system-out><![CDATA[✅ Reservation added successfully!
✅ Reservation added successfully!
]]></system-out>
  </testcase>
  <testcase name="test3504" classname="randoop.RegressionTest7" time="0.0"/>
  <testcase name="test3505" classname="randoop.RegressionTest7" time="0.0"/>
  <testcase name="test3506" classname="randoop.RegressionTest7" time="0.0"/>
  <testcase name="test3507" classname="randoop.RegressionTest7" time="0.0">
    <system-out><![CDATA[✅ Reservation added successfully!
✅ Reservation added successfully!
✅ Reservation added successfully!
✅ Reservation added successfully!
✅ Reservation added successfully!
✅ Reservation added successfully!
✅ Reservation added successfully!
]]></system-out>
  </testcase>
  <testcase name="test3508" classname="randoop.RegressionTest7" time="0.0">
    <system-out><![CDATA[✅ Reservation added successfully!
✅ Reservation added successfully!
✅ Reservation added successfully!
]]></system-out>
  </testcase>
  <testcase name="test3509" classname="randoop.RegressionTest7" time="0.001"/>
  <testcase name="test3510" classname="randoop.RegressionTest7" time="0.0">
    <system-out><![CDATA[✅ Reservation added successfully!
✅ Reservation added successfully!
✅ Reservation added successfully!
✅ Reservation added successfully!
]]></system-out>
  </testcase>
  <testcase name="test3511" classname="randoop.RegressionTest7" time="0.0">
    <system-out><![CDATA[✅ Reservation added successfully!
✅ Reservation added successfully!
✅ Reservation added successfully!
✅ Reservation added successfully!
✅ Reservation added successfully!
✅ Reservation added successfully!
✅ Reservation added successfully!
✅ Reservation added successfully!
✅ Reservation added successfully!
✅ Reservation added successfully!
✅ Reservation added successfully!
]]></system-out>
  </testcase>
  <testcase name="test3512" classname="randoop.RegressionTest7" time="0.0">
    <system-out><![CDATA[✅ Reservation added successfully!
✅ Reservation added successfully!
✅ Reservation added successfully!
✅ Reservation added successfully!
✅ Reservation added successfully!
]]></system-out>
  </testcase>
  <testcase name="test3513" classname="randoop.RegressionTest7" time="0.0">
    <system-out><![CDATA[✅ Reservation added successfully!
]]></system-out>
  </testcase>
  <testcase name="test3514" classname="randoop.RegressionTest7" time="0.0"/>
  <testcase name="test3515" classname="randoop.RegressionTest7" time="0.0"/>
  <testcase name="test3516" classname="randoop.RegressionTest7" time="0.001">
    <system-out><![CDATA[✅ Reservation added successfully!
✅ Reservation added successfully!
✅ Reservation added successfully!
✅ Reservation added successfully!
✅ Reservation added successfully!
✅ Reservation added successfully!
✅ Reservation added successfully!
✅ Reservation added successfully!
✅ Reservation added successfully!
]]></system-out>
  </testcase>
  <testcase name="test3517" classname="randoop.RegressionTest7" time="0.0">
    <system-out><![CDATA[✅ Reservation added successfully!
✅ Reservation added successfully!
✅ Reservation added successfully!
✅ Reservation added successfully!
✅ Reservation added successfully!
✅ Reservation added successfully!
✅ Reservation added successfully!
✅ Reservation added successfully!
✅ Reservation added successfully!
✅ Reservation added successfully!
]]></system-out>
  </testcase>
  <testcase name="test3518" classname="randoop.RegressionTest7" time="0.0"/>
  <testcase name="test3519" classname="randoop.RegressionTest7" time="0.0"/>
  <testcase name="test3520" classname="randoop.RegressionTest7" time="0.0"/>
  <testcase name="test3521" classname="randoop.RegressionTest7" time="0.0">
    <system-out><![CDATA[✅ Reservation added successfully!
]]></system-out>
  </testcase>
  <testcase name="test3522" classname="randoop.RegressionTest7" time="0.0">
    <system-out><![CDATA[✅ Reservation added successfully!
✅ Reservation added successfully!
]]></system-out>
  </testcase>
  <testcase name="test3523" classname="randoop.RegressionTest7" time="0.0"/>
  <testcase name="test3524" classname="randoop.RegressionTest7" time="0.0"/>
  <testcase name="test3525" classname="randoop.RegressionTest7" time="0.0">
    <system-out><![CDATA[✅ Reservation added successfully!
✅ Reservation added successfully!
✅ Reservation added successfully!
✅ Reservation added successfully!
✅ Reservation added successfully!
✅ Reservation added successfully!
✅ Reservation added successfully!
]]></system-out>
  </testcase>
  <testcase name="test3526" classname="randoop.RegressionTest7" time="0.0"/>
  <testcase name="test3527" classname="randoop.RegressionTest7" time="0.0"/>
  <testcase name="test3528" classname="randoop.RegressionTest7" time="0.0">
    <system-out><![CDATA[✅ Reservation added successfully!
✅ Reservation added successfully!
]]></system-out>
  </testcase>
  <testcase name="test3529" classname="randoop.RegressionTest7" time="0.0"/>
  <testcase name="test3530" classname="randoop.RegressionTest7" time="0.0">
    <system-out><![CDATA[✅ Reservation added successfully!
✅ Reservation added successfully!
✅ Reservation added successfully!
✅ Reservation added successfully!
✅ Reservation added successfully!
]]></system-out>
  </testcase>
  <testcase name="test3531" classname="randoop.RegressionTest7" time="0.0"/>
  <testcase name="test3532" classname="randoop.RegressionTest7" time="0.0"/>
  <testcase name="test3533" classname="randoop.RegressionTest7" time="0.0"/>
  <testcase name="test3534" classname="randoop.RegressionTest7" time="0.0">
    <system-out><![CDATA[✅ Reservation added successfully!
✅ Reservation added successfully!
✅ Reservation added successfully!
✅ Reservation added successfully!
]]></system-out>
  </testcase>
  <testcase name="test3535" classname="randoop.RegressionTest7" time="0.0"/>
  <testcase name="test3536" classname="randoop.RegressionTest7" time="0.0">
    <system-out><![CDATA[✅ Reservation added successfully!
✅ Reservation added successfully!
]]></system-out>
  </testcase>
  <testcase name="test3537" classname="randoop.RegressionTest7" time="0.0">
    <system-out><![CDATA[✅ Reservation added successfully!
✅ Reservation added successfully!
✅ Reservation added successfully!
✅ Reservation added successfully!
✅ Reservation added successfully!
]]></system-out>
  </testcase>
  <testcase name="test3538" classname="randoop.RegressionTest7" time="0.0">
    <system-out><![CDATA[✅ Reservation added successfully!
✅ Reservation added successfully!
✅ Reservation added successfully!
✅ Reservation added successfully!
✅ Reservation added successfully!
]]></system-out>
  </testcase>
  <testcase name="test3539" classname="randoop.RegressionTest7" time="0.0"/>
  <testcase name="test3540" classname="randoop.RegressionTest7" time="0.0"/>
  <testcase name="test3541" classname="randoop.RegressionTest7" time="0.0">
    <system-out><![CDATA[✅ Reservation added successfully!
✅ Reservation added successfully!
]]></system-out>
  </testcase>
  <testcase name="test3542" classname="randoop.RegressionTest7" time="0.0"/>
  <testcase name="test3543" classname="randoop.RegressionTest7" time="0.0"/>
  <testcase name="test3544" classname="randoop.RegressionTest7" time="0.0"/>
  <testcase name="test3545" classname="randoop.RegressionTest7" time="0.0">
    <system-out><![CDATA[✅ Reservation added successfully!
✅ Reservation added successfully!
]]></system-out>
  </testcase>
  <testcase name="test3546" classname="randoop.RegressionTest7" time="0.0"/>
  <testcase name="test3547" classname="randoop.RegressionTest7" time="0.0">
    <system-out><![CDATA[✅ Reservation added successfully!
✅ Reservation added successfully!
✅ Reservation added successfully!
✅ Reservation added successfully!
✅ Reservation added successfully!
✅ Reservation added successfully!
]]></system-out>
  </testcase>
  <testcase name="test3548" classname="randoop.RegressionTest7" time="0.001"/>
  <testcase name="test3549" classname="randoop.RegressionTest7" time="0.0"/>
  <testcase name="test3550" classname="randoop.RegressionTest7" time="0.0"/>
  <testcase name="test3551" classname="randoop.RegressionTest7" time="0.0">
    <system-out><![CDATA[✅ Reservation added successfully!
✅ Reservation added successfully!
]]></system-out>
  </testcase>
  <testcase name="test3552" classname="randoop.RegressionTest7" time="0.0">
    <system-out><![CDATA[✅ Reservation added successfully!
✅ Reservation added successfully!
]]></system-out>
  </testcase>
</testsuite>