<?xml version="1.0" encoding="UTF-8"?>
<testsuite xmlns:xsi="http://www.w3.org/2001/XMLSchema-instance" xsi:noNamespaceSchemaLocation="https://maven.apache.org/surefire/maven-surefire-plugin/xsd/surefire-test-report-3.0.xsd" version="3.0" name="RegressionTest1" time="0.153" tests="500" errors="0" skipped="0" failures="0">
  <properties>
[...]
</properties>
  <testcase name="test0501" classname="RegressionTest1" time="0.002">
    <system-out><![CDATA[✅ Reservation added successfully!
]]></system-out>
  </testcase>
  <testcase name="test0502" classname="RegressionTest1" time="0.001">
    <system-out><![CDATA[✅ Reservation added successfully!
]]></system-out>
  </testcase>
  <testcase name="test0503" classname="RegressionTest1" time="0.0">
    <system-out><![CDATA[✅ Reservation added successfully!
]]></system-out>
  </testcase>
  <testcase name="test0504" classname="RegressionTest1" time="0.0">
    <system-out><![CDATA[✅ Reservation added successfully!
]]></system-out>
  </testcase>
  <testcase name="test0505" classname="RegressionTest1" time="0.001">
    <system-out><![CDATA[✅ Reservation added successfully!
]]></system-out>
  </testcase>
  <testcase name="test0506" classname="RegressionTest1" time="0.0">
    <system-out><![CDATA[✅ Reservation added successfully!
]]></system-out>
  </testcase>
  <testcase name="test0507" classname="RegressionTest1" time="0.001">
    <system-out><![CDATA[✅ Reservation added successfully!
]]></system-out>
  </testcase>
  <testcase name="test0508" classname="RegressionTest1" time="0.0">
    <system-out><![CDATA[✅ Reservation added successfully!
]]></system-out>
  </testcase>
  <testcase name="test0509" classname="RegressionTest1" time="0.0">
    <system-out><![CDATA[✅ Reservation added successfully!
]]></system-out>
  </testcase>
  <testcase name="test0510" classname="RegressionTest1" time="0.001">
    <system-out><![CDATA[✅ Reservation added successfully!
]]></system-out>
  </testcase>
  <testcase name="test0511" classname="RegressionTest1" time="0.0">
    <system-out><![CDATA[✅ Reservation added successfully!
]]></system-out>
  </testcase>
  <testcase name="test0512" classname="RegressionTest1" time="0.0">
    <system-out><![CDATA[✅ Reservation added successfully!
]]></system-out>
  </testcase>
  <testcase name="test0513" classname="RegressionTest1" time="0.0">
    <system-out><![CDATA[✅ Reservation added successfully!
]]></system-out>
  </testcase>
  <testcase name="test0514" classname="RegressionTest1" time="0.0">
    <system-out><![CDATA[✅ Reservation added successfully!
]]></system-out>
  </testcase>
  <testcase name="test0515" classname="RegressionTest1" time="0.0">
    <system-out><![CDATA[✅ Reservation added successfully!
]]></system-out>
  </testcase>
  <testcase name="test0516" classname="RegressionTest1" time="0.0">
    <system-out><![CDATA[✅ Reservation added successfully!
]]></system-out>
  </testcase>
  <testcase name="test0517" classname="RegressionTest1" time="0.0">
    <system-out><![CDATA[✅ Reservation added successfully!
]]></system-out>
  </testcase>
  <testcase name="test0518" classname="RegressionTest1" time="0.002">
    <system-out><![CDATA[✅ Reservation added successfully!
]]></system-out>
  </testcase>
  <testcase name="test0519" classname="RegressionTest1" time="0.0">
    <system-out><![CDATA[✅ Reservation added successfully!
]]></system-out>
  </testcase>
  <testcase name="test0520" classname="RegressionTest1" time="0.0">
    <system-out><![CDATA[✅ Reservation added successfully!
]]></system-out>
  </testcase>
  <testcase name="test0521" classname="RegressionTest1" time="0.0">
    <system-out><![CDATA[✅ Reservation added successfully!
]]></system-out>
  </testcase>
  <testcase name="test0522" classname="RegressionTest1" time="0.001">
    <system-out><![CDATA[✅ Reservation added successfully!
]]></system-out>
  </testcase>
  <testcase name="test0523" classname="RegressionTest1" time="0.0">
    <system-out><![CDATA[✅ Reservation added successfully!
]]></system-out>
  </testcase>
  <testcase name="test0524" classname="RegressionTest1" time="0.0">
    <system-out><![CDATA[✅ Reservation added successfully!
]]></system-out>
  </testcase>
  <testcase name="test0525" classname="RegressionTest1" time="0.0">
    <system-out><![CDATA[✅ Reservation added successfully!
]]></system-out>
  </testcase>
  <testcase name="test0526" classname="RegressionTest1" time="0.001">
    <system-out><![CDATA[✅ Reservation added successfully!
]]></system-out>
  </testcase>
  <testcase name="test0527" classname="RegressionTest1" time="0.0">
    <system-out><![CDATA[✅ Reservation added successfully!
]]></system-out>
  </testcase>
  <testcase name="test0528" classname="RegressionTest1" time="0.0">
    <system-out><![CDATA[✅ Reservation added successfully!
]]></system-out>
  </testcase>
  <testcase name="test0529" classname="RegressionTest1" time="0.001">
    <system-out><![CDATA[✅ Reservation added successfully!
]]></system-out>
  </testcase>
  <testcase name="test0530" classname="RegressionTest1" time="0.0">
    <system-out><![CDATA[✅ Reservation added successfully!
]]></system-out>
  </testcase>
  <testcase name="test0531" classname="RegressionTest1" time="0.0">
    <system-out><![CDATA[✅ Reservation added successfully!
]]></system-out>
  </testcase>
  <testcase name="test0532" classname="RegressionTest1" time="0.0"/>
  <testcase name="test0533" classname="RegressionTest1" time="0.001">
    <system-out><![CDATA[✅ Reservation added successfully!
]]></system-out>
  </testcase>
  <testcase name="test0534" classname="RegressionTest1" time="0.0">
    <system-out><![CDATA[✅ Reservation added successfully!
]]></system-out>
  </testcase>
  <testcase name="test0535" classname="RegressionTest1" time="0.0">
    <system-out><![CDATA[✅ Reservation added successfully!
]]></system-out>
  </testcase>
  <testcase name="test0536" classname="RegressionTest1" time="0.0">
    <system-out><![CDATA[✅ Reservation added successfully!
]]></system-out>
  </testcase>
  <testcase name="test0537" classname="RegressionTest1" time="0.001">
    <system-out><![CDATA[✅ Reservation added successfully!
]]></system-out>
  </testcase>
  <testcase name="test0538" classname="RegressionTest1" time="0.0">
    <system-out><![CDATA[✅ Reservation added successfully!
]]></system-out>
  </testcase>
  <testcase name="test0539" classname="RegressionTest1" time="0.001">
    <system-out><![CDATA[✅ Reservation added successfully!
]]></system-out>
  </testcase>
  <testcase name="test0540" classname="RegressionTest1" time="0.0">
    <system-out><![CDATA[✅ Reservation added successfully!
]]></system-out>
  </testcase>
  <testcase name="test0541" classname="RegressionTest1" time="0.0">
    <system-out><![CDATA[✅ Reservation added successfully!
]]></system-out>
  </testcase>
  <testcase name="test0542" classname="RegressionTest1" time="0.002">
    <system-out><![CDATA[✅ Reservation added successfully!
]]></system-out>
  </testcase>
  <testcase name="test0543" classname="RegressionTest1" time="0.0">
    <system-out><![CDATA[✅ Reservation added successfully!
]]></system-out>
  </testcase>
  <testcase name="test0544" classname="RegressionTest1" time="0.0">
    <system-out><![CDATA[✅ Reservation added successfully!
]]></system-out>
  </testcase>
  <testcase name="test0545" classname="RegressionTest1" time="0.0">
    <system-out><![CDATA[✅ Reservation added successfully!
]]></system-out>
  </testcase>
  <testcase name="test0546" classname="RegressionTest1" time="0.001">
    <system-out><![CDATA[✅ Reservation added successfully!
]]></system-out>
  </testcase>
  <testcase name="test0547" classname="RegressionTest1" time="0.0">
    <system-out><![CDATA[✅ Reservation added successfully!
]]></system-out>
  </testcase>
  <testcase name="test0548" classname="RegressionTest1" time="0.0">
    <system-out><![CDATA[✅ Reservation added successfully!
]]></system-out>
  </testcase>
  <testcase name="test0549" classname="RegressionTest1" time="0.001">
    <system-out><![CDATA[✅ Reservation added successfully!
]]></system-out>
  </testcase>
  <testcase name="test0550" classname="RegressionTest1" time="0.0">
    <system-out><![CDATA[✅ Reservation added successfully!
]]></system-out>
  </testcase>
  <testcase name="test0551" classname="RegressionTest1" time="0.0">
    <system-out><![CDATA[✅ Reservation added successfully!
]]></system-out>
  </testcase>
  <testcase name="test0552" classname="RegressionTest1" time="0.001">
    <system-out><![CDATA[✅ Reservation added successfully!
]]></system-out>
  </testcase>
  <testcase name="test0553" classname="RegressionTest1" time="0.0">
    <system-out><![CDATA[✅ Reservation added successfully!
]]></system-out>
  </testcase>
  <testcase name="test0554" classname="RegressionTest1" time="0.0">
    <system-out><![CDATA[✅ Reservation added successfully!
]]></system-out>
  </testcase>
  <testcase name="test0555" classname="RegressionTest1" time="0.001">
    <system-out><![CDATA[✅ Reservation added successfully!
]]></system-out>
  </testcase>
  <testcase name="test0556" classname="RegressionTest1" time="0.0">
    <system-out><![CDATA[✅ Reservation added successfully!
]]></system-out>
  </testcase>
  <testcase name="test0557" classname="RegressionTest1" time="0.0">
    <system-out><![CDATA[✅ Reservation added successfully!
]]></system-out>
  </testcase>
  <testcase name="test0558" classname="RegressionTest1" time="0.0">
    <system-out><![CDATA[✅ Reservation added successfully!
]]></system-out>
  </testcase>
  <testcase name="test0559" classname="RegressionTest1" time="0.0">
    <system-out><![CDATA[✅ Reservation added successfully!
]]></system-out>
  </testcase>
  <testcase name="test0560" classname="RegressionTest1" time="0.001">
    <system-out><![CDATA[✅ Reservation added successfully!
]]></system-out>
  </testcase>
  <testcase name="test0561" classname="RegressionTest1" time="0.0">
    <system-out><![CDATA[✅ Reservation added successfully!
]]></system-out>
  </testcase>
  <testcase name="test0562" classname="RegressionTest1" time="0.0">
    <system-out><![CDATA[✅ Reservation added successfully!
]]></system-out>
  </testcase>
  <testcase name="test0563" classname="RegressionTest1" time="0.0">
    <system-out><![CDATA[✅ Reservation added successfully!
]]></system-out>
  </testcase>
  <testcase name="test0564" classname="RegressionTest1" time="0.0">
    <system-out><![CDATA[✅ Reservation added successfully!
]]></system-out>
  </testcase>
  <testcase name="test0565" classname="RegressionTest1" time="0.0">
    <system-out><![CDATA[✅ Reservation added successfully!
]]></system-out>
  </testcase>
  <testcase name="test0566" classname="RegressionTest1" time="0.0">
    <system-out><![CDATA[✅ Reservation added successfully!
]]></system-out>
  </testcase>
  <testcase name="test0567" classname="RegressionTest1" time="0.0">
    <system-out><![CDATA[✅ Reservation added successfully!
]]></system-out>
  </testcase>
  <testcase name="test0568" classname="RegressionTest1" time="0.0">
    <system-out><![CDATA[✅ Reservation added successfully!
]]></system-out>
  </testcase>
  <testcase name="test0569" classname="RegressionTest1" time="0.0">
    <system-out><![CDATA[✅ Reservation added successfully!
]]></system-out>
  </testcase>
  <testcase name="test0570" classname="RegressionTest1" time="0.0">
    <system-out><![CDATA[✅ Reservation added successfully!
]]></system-out>
  </testcase>
  <testcase name="test0571" classname="RegressionTest1" time="0.0">
    <system-out><![CDATA[✅ Reservation added successfully!
]]></system-out>
  </testcase>
  <testcase name="test0572" classname="RegressionTest1" time="0.0">
    <system-out><![CDATA[✅ Reservation added successfully!
]]></system-out>
  </testcase>
  <testcase name="test0573" classname="RegressionTest1" time="0.001">
    <system-out><![CDATA[✅ Reservation added successfully!
]]></system-out>
  </testcase>
  <testcase name="test0574" classname="RegressionTest1" time="0.0">
    <system-out><![CDATA[✅ Reservation added successfully!
]]></system-out>
  </testcase>
  <testcase name="test0575" classname="RegressionTest1" time="0.0">
    <system-out><![CDATA[✅ Reservation added successfully!
]]></system-out>
  </testcase>
  <testcase name="test0576" classname="RegressionTest1" time="0.001">
    <system-out><![CDATA[✅ Reservation added successfully!
]]></system-out>
  </testcase>
  <testcase name="test0577" classname="RegressionTest1" time="0.0">
    <system-out><![CDATA[✅ Reservation added successfully!
]]></system-out>
  </testcase>
  <testcase name="test0578" classname="RegressionTest1" time="0.0">
    <system-out><![CDATA[✅ Reservation added successfully!
]]></system-out>
  </testcase>
  <testcase name="test0579" classname="RegressionTest1" time="0.001">
    <system-out><![CDATA[✅ Reservation added successfully!
]]></system-out>
  </testcase>
  <testcase name="test0580" classname="RegressionTest1" time="0.0">
    <system-out><![CDATA[✅ Reservation added successfully!
]]></system-out>
  </testcase>
  <testcase name="test0581" classname="RegressionTest1" time="0.0">
    <system-out><![CDATA[✅ Reservation added successfully!
]]></system-out>
  </testcase>
  <testcase name="test0582" classname="RegressionTest1" time="0.0">
    <system-out><![CDATA[✅ Reservation added successfully!
]]></system-out>
  </testcase>
  <testcase name="test0583" classname="RegressionTest1" time="0.001">
    <system-out><![CDATA[✅ Reservation added successfully!
]]></system-out>
  </testcase>
  <testcase name="test0584" classname="RegressionTest1" time="0.0">
    <system-out><![CDATA[✅ Reservation added successfully!
]]></system-out>
  </testcase>
  <testcase name="test0585" classname="RegressionTest1" time="0.0">
    <system-out><![CDATA[✅ Reservation added successfully!
]]></system-out>
  </testcase>
  <testcase name="test0586" classname="RegressionTest1" time="0.0">
    <system-out><![CDATA[✅ Reservation added successfully!
]]></system-out>
  </testcase>
  <testcase name="test0587" classname="RegressionTest1" time="0.002">
    <system-out><![CDATA[✅ Reservation added successfully!
]]></system-out>
  </testcase>
  <testcase name="test0588" classname="RegressionTest1" time="0.0">
    <system-out><![CDATA[✅ Reservation added successfully!
]]></system-out>
  </testcase>
  <testcase name="test0589" classname="RegressionTest1" time="0.0">
    <system-out><![CDATA[✅ Reservation added successfully!
]]></system-out>
  </testcase>
  <testcase name="test0590" classname="RegressionTest1" time="0.0">
    <system-out><![CDATA[✅ Reservation added successfully!
]]></system-out>
  </testcase>
  <testcase name="test0591" classname="RegressionTest1" time="0.0">
    <system-out><![CDATA[✅ Reservation added successfully!
]]></system-out>
  </testcase>
  <testcase name="test0592" classname="RegressionTest1" time="0.0">
    <system-out><![CDATA[✅ Reservation added successfully!
]]></system-out>
  </testcase>
  <testcase name="test0593" classname="RegressionTest1" time="0.0">
    <system-out><![CDATA[✅ Reservation added successfully!
]]></system-out>
  </testcase>
  <testcase name="test0594" classname="RegressionTest1" time="0.001">
    <system-out><![CDATA[✅ Reservation added successfully!
]]></system-out>
  </testcase>
  <testcase name="test0595" classname="RegressionTest1" time="0.0">
    <system-out><![CDATA[✅ Reservation added successfully!
]]></system-out>
  </testcase>
  <testcase name="test0596" classname="RegressionTest1" time="0.0">
    <system-out><![CDATA[✅ Reservation added successfully!
]]></system-out>
  </testcase>
  <testcase name="test0597" classname="RegressionTest1" time="0.0">
    <system-out><![CDATA[✅ Reservation added successfully!
]]></system-out>
  </testcase>
  <testcase name="test0598" classname="RegressionTest1" time="0.0">
    <system-out><![CDATA[✅ Reservation added successfully!
]]></system-out>
  </testcase>
  <testcase name="test0599" classname="RegressionTest1" time="0.0">
    <system-out><![CDATA[✅ Reservation added successfully!
]]></system-out>
  </testcase>
  <testcase name="test0600" classname="RegressionTest1" time="0.001">
    <system-out><![CDATA[✅ Reservation added successfully!
]]></system-out>
  </testcase>
  <testcase name="test0601" classname="RegressionTest1" time="0.0">
    <system-out><![CDATA[✅ Reservation added successfully!
]]></system-out>
  </testcase>
  <testcase name="test0602" classname="RegressionTest1" time="0.0">
    <system-out><![CDATA[✅ Reservation added successfully!
]]></system-out>
  </testcase>
  <testcase name="test0603" classname="RegressionTest1" time="0.001">
    <system-out><![CDATA[✅ Reservation added successfully!
]]></system-out>
  </testcase>
  <testcase name="test0604" classname="RegressionTest1" time="0.0">
    <system-out><![CDATA[✅ Reservation added successfully!
]]></system-out>
  </testcase>
  <testcase name="test0605" classname="RegressionTest1" time="0.0">
    <system-out><![CDATA[✅ Reservation added successfully!
]]></system-out>
  </testcase>
  <testcase name="test0606" classname="RegressionTest1" time="0.0">
    <system-out><![CDATA[✅ Reservation added successfully!
]]></system-out>
  </testcase>
  <testcase name="test0607" classname="RegressionTest1" time="0.001">
    <system-out><![CDATA[✅ Reservation added successfully!
]]></system-out>
  </testcase>
  <testcase name="test0608" classname="RegressionTest1" time="0.0">
    <system-out><![CDATA[✅ Reservation added successfully!
]]></system-out>
  </testcase>
  <testcase name="test0609" classname="RegressionTest1" time="0.0">
    <system-out><![CDATA[✅ Reservation added successfully!
]]></system-out>
  </testcase>
  <testcase name="test0610" classname="RegressionTest1" time="0.001">
    <system-out><![CDATA[✅ Reservation added successfully!
]]></system-out>
  </testcase>
  <testcase name="test0611" classname="RegressionTest1" time="0.0">
    <system-out><![CDATA[✅ Reservation added successfully!
]]></system-out>
  </testcase>
  <testcase name="test0612" classname="RegressionTest1" time="0.0">
    <system-out><![CDATA[✅ Reservation added successfully!
]]></system-out>
  </testcase>
  <testcase name="test0613" classname="RegressionTest1" time="0.001">
    <system-out><![CDATA[✅ Reservation added successfully!
]]></system-out>
  </testcase>
  <testcase name="test0614" classname="RegressionTest1" time="0.0">
    <system-out><![CDATA[✅ Reservation added successfully!
]]></system-out>
  </testcase>
  <testcase name="test0615" classname="RegressionTest1" time="0.002">
    <system-out><![CDATA[✅ Reservation added successfully!
]]></system-out>
  </testcase>
  <testcase name="test0616" classname="RegressionTest1" time="0.0">
    <system-out><![CDATA[✅ Reservation added successfully!
]]></system-out>
  </testcase>
  <testcase name="test0617" classname="RegressionTest1" time="0.0">
    <system-out><![CDATA[✅ Reservation added successfully!
]]></system-out>
  </testcase>
  <testcase name="test0618" classname="RegressionTest1" time="0.001">
    <system-out><![CDATA[✅ Reservation added successfully!
]]></system-out>
  </testcase>
  <testcase name="test0619" classname="RegressionTest1" time="0.0">
    <system-out><![CDATA[✅ Reservation added successfully!
]]></system-out>
  </testcase>
  <testcase name="test0620" classname="RegressionTest1" time="0.0">
    <system-out><![CDATA[✅ Reservation added successfully!
]]></system-out>
  </testcase>
  <testcase name="test0621" classname="RegressionTest1" time="0.0">
    <system-out><![CDATA[✅ Reservation added successfully!
]]></system-out>
  </testcase>
  <testcase name="test0622" classname="RegressionTest1" time="0.0">
    <system-out><![CDATA[✅ Reservation added successfully!
]]></system-out>
  </testcase>
  <testcase name="test0623" classname="RegressionTest1" time="0.0">
    <system-out><![CDATA[✅ Reservation added successfully!
]]></system-out>
  </testcase>
  <testcase name="test0624" classname="RegressionTest1" time="0.0">
    <system-out><![CDATA[✅ Reservation added successfully!
]]></system-out>
  </testcase>
  <testcase name="test0625" classname="RegressionTest1" time="0.001">
    <system-out><![CDATA[✅ Reservation added successfully!
]]></system-out>
  </testcase>
  <testcase name="test0626" classname="RegressionTest1" time="0.0">
    <system-out><![CDATA[✅ Reservation added successfully!
]]></system-out>
  </testcase>
  <testcase name="test0627" classname="RegressionTest1" time="0.0">
    <system-out><![CDATA[✅ Reservation added successfully!
]]></system-out>
  </testcase>
  <testcase name="test0628" classname="RegressionTest1" time="0.002">
    <system-out><![CDATA[✅ Reservation added successfully!
]]></system-out>
  </testcase>
  <testcase name="test0629" classname="RegressionTest1" time="0.001">
    <system-out><![CDATA[✅ Reservation added successfully!
]]></system-out>
  </testcase>
  <testcase name="test0630" classname="RegressionTest1" time="0.001">
    <system-out><![CDATA[✅ Reservation added successfully!
]]></system-out>
  </testcase>
  <testcase name="test0631" classname="RegressionTest1" time="0.0">
    <system-out><![CDATA[✅ Reservation added successfully!
]]></system-out>
  </testcase>
  <testcase name="test0632" classname="RegressionTest1" time="0.0">
    <system-out><![CDATA[✅ Reservation added successfully!
]]></system-out>
  </testcase>
  <testcase name="test0633" classname="RegressionTest1" time="0.001">
    <system-out><![CDATA[✅ Reservation added successfully!
]]></system-out>
  </testcase>
  <testcase name="test0634" classname="RegressionTest1" time="0.0">
    <system-out><![CDATA[✅ Reservation added successfully!
]]></system-out>
  </testcase>
  <testcase name="test0635" classname="RegressionTest1" time="0.0">
    <system-out><![CDATA[✅ Reservation added successfully!
]]></system-out>
  </testcase>
  <testcase name="test0636" classname="RegressionTest1" time="0.0">
    <system-out><![CDATA[✅ Reservation added successfully!
]]></system-out>
  </testcase>
  <testcase name="test0637" classname="RegressionTest1" time="0.002">
    <system-out><![CDATA[✅ Reservation added successfully!
]]></system-out>
  </testcase>
  <testcase name="test0638" classname="RegressionTest1" time="0.0">
    <system-out><![CDATA[✅ Reservation added successfully!
]]></system-out>
  </testcase>
  <testcase name="test0639" classname="RegressionTest1" time="0.001">
    <system-out><![CDATA[✅ Reservation added successfully!
]]></system-out>
  </testcase>
  <testcase name="test0640" classname="RegressionTest1" time="0.0">
    <system-out><![CDATA[✅ Reservation added successfully!
]]></system-out>
  </testcase>
  <testcase name="test0641" classname="RegressionTest1" time="0.001">
    <system-out><![CDATA[✅ Reservation added successfully!
]]></system-out>
  </testcase>
  <testcase name="test0642" classname="RegressionTest1" time="0.0">
    <system-out><![CDATA[✅ Reservation added successfully!
]]></system-out>
  </testcase>
  <testcase name="test0643" classname="RegressionTest1" time="0.0">
    <system-out><![CDATA[✅ Reservation added successfully!
]]></system-out>
  </testcase>
  <testcase name="test0644" classname="RegressionTest1" time="0.0">
    <system-out><![CDATA[✅ Reservation added successfully!
]]></system-out>
  </testcase>
  <testcase name="test0645" classname="RegressionTest1" time="0.001"/>
  <testcase name="test0646" classname="RegressionTest1" time="0.0">
    <system-out><![CDATA[✅ Reservation added successfully!
]]></system-out>
  </testcase>
  <testcase name="test0647" classname="RegressionTest1" time="0.0">
    <system-out><![CDATA[✅ Reservation added successfully!
]]></system-out>
  </testcase>
  <testcase name="test0648" classname="RegressionTest1" time="0.0">
    <system-out><![CDATA[✅ Reservation added successfully!
]]></system-out>
  </testcase>
  <testcase name="test0649" classname="RegressionTest1" time="0.001">
    <system-out><![CDATA[✅ Reservation added successfully!
]]></system-out>
  </testcase>
  <testcase name="test0650" classname="RegressionTest1" time="0.0">
    <system-out><![CDATA[✅ Reservation added successfully!
]]></system-out>
  </testcase>
  <testcase name="test0651" classname="RegressionTest1" time="0.001">
    <system-out><![CDATA[✅ Reservation added successfully!
]]></system-out>
  </testcase>
  <testcase name="test0652" classname="RegressionTest1" time="0.0">
    <system-out><![CDATA[✅ Reservation added successfully!
]]></system-out>
  </testcase>
  <testcase name="test0653" classname="RegressionTest1" time="0.0">
    <system-out><![CDATA[✅ Reservation added successfully!
]]></system-out>
  </testcase>
  <testcase name="test0654" classname="RegressionTest1" time="0.001">
    <system-out><![CDATA[✅ Reservation added successfully!
]]></system-out>
  </testcase>
  <testcase name="test0655" classname="RegressionTest1" time="0.0">
    <system-out><![CDATA[✅ Reservation added successfully!
]]></system-out>
  </testcase>
  <testcase name="test0656" classname="RegressionTest1" time="0.0">
    <system-out><![CDATA[✅ Reservation added successfully!
]]></system-out>
  </testcase>
  <testcase name="test0657" classname="RegressionTest1" time="0.0">
    <system-out><![CDATA[✅ Reservation added successfully!
]]></system-out>
  </testcase>
  <testcase name="test0658" classname="RegressionTest1" time="0.0">
    <system-out><![CDATA[✅ Reservation added successfully!
]]></system-out>
  </testcase>
  <testcase name="test0659" classname="RegressionTest1" time="0.0">
    <system-out><![CDATA[✅ Reservation added successfully!
]]></system-out>
  </testcase>
  <testcase name="test0660" classname="RegressionTest1" time="0.0">
    <system-out><![CDATA[✅ Reservation added successfully!
]]></system-out>
  </testcase>
  <testcase name="test0661" classname="RegressionTest1" time="0.0">
    <system-out><![CDATA[✅ Reservation added successfully!
]]></system-out>
  </testcase>
  <testcase name="test0662" classname="RegressionTest1" time="0.0">
    <system-out><![CDATA[✅ Reservation added successfully!
]]></system-out>
  </testcase>
  <testcase name="test0663" classname="RegressionTest1" time="0.0">
    <system-out><![CDATA[✅ Reservation added successfully!
]]></system-out>
  </testcase>
  <testcase name="test0664" classname="RegressionTest1" time="0.0">
    <system-out><![CDATA[✅ Reservation added successfully!
]]></system-out>
  </testcase>
  <testcase name="test0665" classname="RegressionTest1" time="0.0">
    <system-out><![CDATA[✅ Reservation added successfully!
]]></system-out>
  </testcase>
  <testcase name="test0666" classname="RegressionTest1" time="0.0">
    <system-out><![CDATA[✅ Reservation added successfully!
]]></system-out>
  </testcase>
  <testcase name="test0667" classname="RegressionTest1" time="0.001">
    <system-out><![CDATA[✅ Reservation added successfully!
]]></system-out>
  </testcase>
  <testcase name="test0668" classname="RegressionTest1" time="0.0">
    <system-out><![CDATA[✅ Reservation added successfully!
]]></system-out>
  </testcase>
  <testcase name="test0669" classname="RegressionTest1" time="0.0">
    <system-out><![CDATA[✅ Reservation added successfully!
]]></system-out>
  </testcase>
  <testcase name="test0670" classname="RegressionTest1" time="0.0">
    <system-out><![CDATA[✅ Reservation added successfully!
]]></system-out>
  </testcase>
  <testcase name="test0671" classname="RegressionTest1" time="0.0">
    <system-out><![CDATA[✅ Reservation added successfully!
]]></system-out>
  </testcase>
  <testcase name="test0672" classname="RegressionTest1" time="0.0">
    <system-out><![CDATA[✅ Reservation added successfully!
]]></system-out>
  </testcase>
  <testcase name="test0673" classname="RegressionTest1" time="0.0">
    <system-out><![CDATA[✅ Reservation added successfully!
]]></system-out>
  </testcase>
  <testcase name="test0674" classname="RegressionTest1" time="0.0">
    <system-out><![CDATA[✅ Reservation added successfully!
]]></system-out>
  </testcase>
  <testcase name="test0675" classname="RegressionTest1" time="0.001">
    <system-out><![CDATA[✅ Reservation added successfully!
]]></system-out>
  </testcase>
  <testcase name="test0676" classname="RegressionTest1" time="0.0">
    <system-out><![CDATA[✅ Reservation added successfully!
]]></system-out>
  </testcase>
  <testcase name="test0677" classname="RegressionTest1" time="0.001">
    <system-out><![CDATA[✅ Reservation added successfully!
]]></system-out>
  </testcase>
  <testcase name="test0678" classname="RegressionTest1" time="0.0">
    <system-out><![CDATA[✅ Reservation added successfully!
]]></system-out>
  </testcase>
  <testcase name="test0679" classname="RegressionTest1" time="0.0">
    <system-out><![CDATA[✅ Reservation added successfully!
]]></system-out>
  </testcase>
  <testcase name="test0680" classname="RegressionTest1" time="0.0">
    <system-out><![CDATA[✅ Reservation added successfully!
]]></system-out>
  </testcase>
  <testcase name="test0681" classname="RegressionTest1" time="0.0">
    <system-out><![CDATA[✅ Reservation added successfully!
]]></system-out>
  </testcase>
  <testcase name="test0682" classname="RegressionTest1" time="0.0">
    <system-out><![CDATA[✅ Reservation added successfully!
]]></system-out>
  </testcase>
  <testcase name="test0683" classname="RegressionTest1" time="0.001">
    <system-out><![CDATA[✅ Reservation added successfully!
]]></system-out>
  </testcase>
  <testcase name="test0684" classname="RegressionTest1" time="0.0">
    <system-out><![CDATA[✅ Reservation added successfully!
]]></system-out>
  </testcase>
  <testcase name="test0685" classname="RegressionTest1" time="0.0">
    <system-out><![CDATA[✅ Reservation added successfully!
]]></system-out>
  </testcase>
  <testcase name="test0686" classname="RegressionTest1" time="0.0">
    <system-out><![CDATA[✅ Reservation added successfully!
]]></system-out>
  </testcase>
  <testcase name="test0687" classname="RegressionTest1" time="0.001">
    <system-out><![CDATA[✅ Reservation added successfully!
]]></system-out>
  </testcase>
  <testcase name="test0688" classname="RegressionTest1" time="0.0">
    <system-out><![CDATA[✅ Reservation added successfully!
]]></system-out>
  </testcase>
  <testcase name="test0689" classname="RegressionTest1" time="0.0">
    <system-out><![CDATA[✅ Reservation added successfully!
]]></system-out>
  </testcase>
  <testcase name="test0690" classname="RegressionTest1" time="0.001">
    <system-out><![CDATA[✅ Reservation added successfully!
]]></system-out>
  </testcase>
  <testcase name="test0691" classname="RegressionTest1" time="0.0">
    <system-out><![CDATA[✅ Reservation added successfully!
]]></system-out>
  </testcase>
  <testcase name="test0692" classname="RegressionTest1" time="0.0">
    <system-out><![CDATA[✅ Reservation added successfully!
]]></system-out>
  </testcase>
  <testcase name="test0693" classname="RegressionTest1" time="0.001">
    <system-out><![CDATA[✅ Reservation added successfully!
]]></system-out>
  </testcase>
  <testcase name="test0694" classname="RegressionTest1" time="0.0">
    <system-out><![CDATA[✅ Reservation added successfully!
]]></system-out>
  </testcase>
  <testcase name="test0695" classname="RegressionTest1" time="0.001">
    <system-out><![CDATA[✅ Reservation added successfully!
]]></system-out>
  </testcase>
  <testcase name="test0696" classname="RegressionTest1" time="0.0">
    <system-out><![CDATA[✅ Reservation added successfully!
]]></system-out>
  </testcase>
  <testcase name="test0697" classname="RegressionTest1" time="0.001">
    <system-out><![CDATA[✅ Reservation added successfully!
]]></system-out>
  </testcase>
  <testcase name="test0698" classname="RegressionTest1" time="0.0">
    <system-out><![CDATA[✅ Reservation added successfully!
]]></system-out>
  </testcase>
  <testcase name="test0699" classname="RegressionTest1" time="0.0">
    <system-out><![CDATA[✅ Reservation added successfully!
]]></system-out>
  </testcase>
  <testcase name="test0700" classname="RegressionTest1" time="0.0">
    <system-out><![CDATA[✅ Reservation added successfully!
]]></system-out>
  </testcase>
  <testcase name="test0701" classname="RegressionTest1" time="0.001">
    <system-out><![CDATA[✅ Reservation added successfully!
]]></system-out>
  </testcase>
  <testcase name="test0702" classname="RegressionTest1" time="0.0">
    <system-out><![CDATA[✅ Reservation added successfully!
]]></system-out>
  </testcase>
  <testcase name="test0703" classname="RegressionTest1" time="0.0">
    <system-out><![CDATA[✅ Reservation added successfully!
]]></system-out>
  </testcase>
  <testcase name="test0704" classname="RegressionTest1" time="0.0">
    <system-out><![CDATA[✅ Reservation added successfully!
]]></system-out>
  </testcase>
  <testcase name="test0705" classname="RegressionTest1" time="0.001">
    <system-out><![CDATA[✅ Reservation added successfully!
]]></system-out>
  </testcase>
  <testcase name="test0706" classname="RegressionTest1" time="0.0">
    <system-out><![CDATA[✅ Reservation added successfully!
]]></system-out>
  </testcase>
  <testcase name="test0707" classname="RegressionTest1" time="0.0">
    <system-out><![CDATA[✅ Reservation added successfully!
]]></system-out>
  </testcase>
  <testcase name="test0708" classname="RegressionTest1" time="0.0">
    <system-out><![CDATA[✅ Reservation added successfully!
]]></system-out>
  </testcase>
  <testcase name="test0709" classname="RegressionTest1" time="0.0">
    <system-out><![CDATA[✅ Reservation added successfully!
]]></system-out>
  </testcase>
  <testcase name="test0710" classname="RegressionTest1" time="0.0">
    <system-out><![CDATA[✅ Reservation added successfully!
]]></system-out>
  </testcase>
  <testcase name="test0711" classname="RegressionTest1" time="0.0">
    <system-out><![CDATA[✅ Reservation added successfully!
]]></system-out>
  </testcase>
  <testcase name="test0712" classname="RegressionTest1" time="0.0">
    <system-out><![CDATA[✅ Reservation added successfully!
]]></system-out>
  </testcase>
  <testcase name="test0713" classname="RegressionTest1" time="0.001">
    <system-out><![CDATA[✅ Reservation added successfully!
]]></system-out>
  </testcase>
  <testcase name="test0714" classname="RegressionTest1" time="0.0">
    <system-out><![CDATA[✅ Reservation added successfully!
]]></system-out>
  </testcase>
  <testcase name="test0715" classname="RegressionTest1" time="0.0"/>
  <testcase name="test0716" classname="RegressionTest1" time="0.001">
    <system-out><![CDATA[✅ Reservation added successfully!
]]></system-out>
  </testcase>
  <testcase name="test0717" classname="RegressionTest1" time="0.0">
    <system-out><![CDATA[✅ Reservation added successfully!
]]></system-out>
  </testcase>
  <testcase name="test0718" classname="RegressionTest1" time="0.0">
    <system-out><![CDATA[✅ Reservation added successfully!
]]></system-out>
  </testcase>
  <testcase name="test0719" classname="RegressionTest1" time="0.0">
    <system-out><![CDATA[✅ Reservation added successfully!
]]></system-out>
  </testcase>
  <testcase name="test0720" classname="RegressionTest1" time="0.001">
    <system-out><![CDATA[✅ Reservation added successfully!
]]></system-out>
  </testcase>
  <testcase name="test0721" classname="RegressionTest1" time="0.0">
    <system-out><![CDATA[✅ Reservation added successfully!
]]></system-out>
  </testcase>
  <testcase name="test0722" classname="RegressionTest1" time="0.0">
    <system-out><![CDATA[✅ Reservation added successfully!
]]></system-out>
  </testcase>
  <testcase name="test0723" classname="RegressionTest1" time="0.0">
    <system-out><![CDATA[✅ Reservation added successfully!
]]></system-out>
  </testcase>
  <testcase name="test0724" classname="RegressionTest1" time="0.001">
    <system-out><![CDATA[✅ Reservation added successfully!
]]></system-out>
  </testcase>
  <testcase name="test0725" classname="RegressionTest1" time="0.0">
    <system-out><![CDATA[✅ Reservation added successfully!
]]></system-out>
  </testcase>
  <testcase name="test0726" classname="RegressionTest1" time="0.0">
    <system-out><![CDATA[✅ Reservation added successfully!
]]></system-out>
  </testcase>
  <testcase name="test0727" classname="RegressionTest1" time="0.0">
    <system-out><![CDATA[✅ Reservation added successfully!
]]></system-out>
  </testcase>
  <testcase name="test0728" classname="RegressionTest1" time="0.001">
    <system-out><![CDATA[✅ Reservation added successfully!
]]></system-out>
  </testcase>
  <testcase name="test0729" classname="RegressionTest1" time="0.0">
    <system-out><![CDATA[✅ Reservation added successfully!
]]></system-out>
  </testcase>
  <testcase name="test0730" classname="RegressionTest1" time="0.0">
    <system-out><![CDATA[✅ Reservation added successfully!
]]></system-out>
  </testcase>
  <testcase name="test0731" classname="RegressionTest1" time="0.0">
    <system-out><![CDATA[✅ Reservation added successfully!
]]></system-out>
  </testcase>
  <testcase name="test0732" classname="RegressionTest1" time="0.001">
    <system-out><![CDATA[✅ Reservation added successfully!
]]></system-out>
  </testcase>
  <testcase name="test0733" classname="RegressionTest1" time="0.0">
    <system-out><![CDATA[✅ Reservation added successfully!
]]></system-out>
  </testcase>
  <testcase name="test0734" classname="RegressionTest1" time="0.0">
    <system-out><![CDATA[✅ Reservation added successfully!
]]></system-out>
  </testcase>
  <testcase name="test0735" classname="RegressionTest1" time="0.0">
    <system-out><![CDATA[✅ Reservation added successfully!
]]></system-out>
  </testcase>
  <testcase name="test0736" classname="RegressionTest1" time="0.0">
    <system-out><![CDATA[✅ Reservation added successfully!
]]></system-out>
  </testcase>
  <testcase name="test0737" classname="RegressionTest1" time="0.001">
    <system-out><![CDATA[✅ Reservation added successfully!
]]></system-out>
  </testcase>
  <testcase name="test0738" classname="RegressionTest1" time="0.0">
    <system-out><![CDATA[✅ Reservation added successfully!
]]></system-out>
  </testcase>
  <testcase name="test0739" classname="RegressionTest1" time="0.0">
    <system-out><![CDATA[✅ Reservation added successfully!
]]></system-out>
  </testcase>
  <testcase name="test0740" classname="RegressionTest1" time="0.001">
    <system-out><![CDATA[✅ Reservation added successfully!
]]></system-out>
  </testcase>
  <testcase name="test0741" classname="RegressionTest1" time="0.0">
    <system-out><![CDATA[✅ Reservation added successfully!
]]></system-out>
  </testcase>
  <testcase name="test0742" classname="RegressionTest1" time="0.0">
    <system-out><![CDATA[✅ Reservation added successfully!
]]></system-out>
  </testcase>
  <testcase name="test0743" classname="RegressionTest1" time="0.0">
    <system-out><![CDATA[✅ Reservation added successfully!
]]></system-out>
  </testcase>
  <testcase name="test0744" classname="RegressionTest1" time="0.0">
    <system-out><![CDATA[✅ Reservation added successfully!
]]></system-out>
  </testcase>
  <testcase name="test0745" classname="RegressionTest1" time="0.0">
    <system-out><![CDATA[✅ Reservation added successfully!
]]></system-out>
  </testcase>
  <testcase name="test0746" classname="RegressionTest1" time="0.0">
    <system-out><![CDATA[✅ Reservation added successfully!
]]></system-out>
  </testcase>
  <testcase name="test0747" classname="RegressionTest1" time="0.0"/>
  <testcase name="test0748" classname="RegressionTest1" time="0.0">
    <system-out><![CDATA[✅ Reservation added successfully!
]]></system-out>
  </testcase>
  <testcase name="test0749" classname="RegressionTest1" time="0.001">
    <system-out><![CDATA[✅ Reservation added successfully!
]]></system-out>
  </testcase>
  <testcase name="test0750" classname="RegressionTest1" time="0.0">
    <system-out><![CDATA[✅ Reservation added successfully!
]]></system-out>
  </testcase>
  <testcase name="test0751" classname="RegressionTest1" time="0.0">
    <system-out><![CDATA[✅ Reservation added successfully!
]]></system-out>
  </testcase>
  <testcase name="test0752" classname="RegressionTest1" time="0.0">
    <system-out><![CDATA[✅ Reservation added successfully!
]]></system-out>
  </testcase>
  <testcase name="test0753" classname="RegressionTest1" time="0.0">
    <system-out><![CDATA[✅ Reservation added successfully!
]]></system-out>
  </testcase>
  <testcase name="test0754" classname="RegressionTest1" time="0.0">
    <system-out><![CDATA[✅ Reservation added successfully!
]]></system-out>
  </testcase>
  <testcase name="test0755" classname="RegressionTest1" time="0.0">
    <system-out><![CDATA[✅ Reservation added successfully!
]]></system-out>
  </testcase>
  <testcase name="test0756" classname="RegressionTest1" time="0.001">
    <system-out><![CDATA[✅ Reservation added successfully!
]]></system-out>
  </testcase>
  <testcase name="test0757" classname="RegressionTest1" time="0.0">
    <system-out><![CDATA[✅ Reservation added successfully!
]]></system-out>
  </testcase>
  <testcase name="test0758" classname="RegressionTest1" time="0.0">
    <system-out><![CDATA[✅ Reservation added successfully!
]]></system-out>
  </testcase>
  <testcase name="test0759" classname="RegressionTest1" time="0.0">
    <system-out><![CDATA[✅ Reservation added successfully!
]]></system-out>
  </testcase>
  <testcase name="test0760" classname="RegressionTest1" time="0.0">
    <system-out><![CDATA[✅ Reservation added successfully!
]]></system-out>
  </testcase>
  <testcase name="test0761" classname="RegressionTest1" time="0.0">
    <system-out><![CDATA[✅ Reservation added successfully!
]]></system-out>
  </testcase>
  <testcase name="test0762" classname="RegressionTest1" time="0.002">
    <system-out><![CDATA[✅ Reservation added successfully!
]]></system-out>
  </testcase>
  <testcase name="test0763" classname="RegressionTest1" time="0.0">
    <system-out><![CDATA[✅ Reservation added successfully!
]]></system-out>
  </testcase>
  <testcase name="test0764" classname="RegressionTest1" time="0.0">
    <system-out><![CDATA[✅ Reservation added successfully!
]]></system-out>
  </testcase>
  <testcase name="test0765" classname="RegressionTest1" time="0.001">
    <system-out><![CDATA[✅ Reservation added successfully!
]]></system-out>
  </testcase>
  <testcase name="test0766" classname="RegressionTest1" time="0.0">
    <system-out><![CDATA[✅ Reservation added successfully!
]]></system-out>
  </testcase>
  <testcase name="test0767" classname="RegressionTest1" time="0.0">
    <system-out><![CDATA[✅ Reservation added successfully!
]]></system-out>
  </testcase>
  <testcase name="test0768" classname="RegressionTest1" time="0.0">
    <system-out><![CDATA[✅ Reservation added successfully!
]]></system-out>
  </testcase>
  <testcase name="test0769" classname="RegressionTest1" time="0.0">
    <system-out><![CDATA[✅ Reservation added successfully!
]]></system-out>
  </testcase>
  <testcase name="test0770" classname="RegressionTest1" time="0.0">
    <system-out><![CDATA[✅ Reservation added successfully!
]]></system-out>
  </testcase>
  <testcase name="test0771" classname="RegressionTest1" time="0.0">
    <system-out><![CDATA[✅ Reservation added successfully!
]]></system-out>
  </testcase>
  <testcase name="test0772" classname="RegressionTest1" time="0.0">
    <system-out><![CDATA[✅ Reservation added successfully!
]]></system-out>
  </testcase>
  <testcase name="test0773" classname="RegressionTest1" time="0.0">
    <system-out><![CDATA[✅ Reservation added successfully!
]]></system-out>
  </testcase>
  <testcase name="test0774" classname="RegressionTest1" time="0.0">
    <system-out><![CDATA[✅ Reservation added successfully!
]]></system-out>
  </testcase>
  <testcase name="test0775" classname="RegressionTest1" time="0.0">
    <system-out><![CDATA[✅ Reservation added successfully!
]]></system-out>
  </testcase>
  <testcase name="test0776" classname="RegressionTest1" time="0.0">
    <system-out><![CDATA[✅ Reservation added successfully!
]]></system-out>
  </testcase>
  <testcase name="test0777" classname="RegressionTest1" time="0.0">
    <system-out><![CDATA[✅ Reservation added successfully!
]]></system-out>
  </testcase>
  <testcase name="test0778" classname="RegressionTest1" time="0.0">
    <system-out><![CDATA[✅ Reservation added successfully!
]]></system-out>
  </testcase>
  <testcase name="test0779" classname="RegressionTest1" time="0.0">
    <system-out><![CDATA[✅ Reservation added successfully!
]]></system-out>
  </testcase>
  <testcase name="test0780" classname="RegressionTest1" time="0.001">
    <system-out><![CDATA[✅ Reservation added successfully!
]]></system-out>
  </testcase>
  <testcase name="test0781" classname="RegressionTest1" time="0.0">
    <system-out><![CDATA[✅ Reservation added successfully!
]]></system-out>
  </testcase>
  <testcase name="test0782" classname="RegressionTest1" time="0.0">
    <system-out><![CDATA[✅ Reservation added successfully!
]]></system-out>
  </testcase>
  <testcase name="test0783" classname="RegressionTest1" time="0.0">
    <system-out><![CDATA[✅ Reservation added successfully!
]]></system-out>
  </testcase>
  <testcase name="test0784" classname="RegressionTest1" time="0.001">
    <system-out><![CDATA[✅ Reservation added successfully!
]]></system-out>
  </testcase>
  <testcase name="test0785" classname="RegressionTest1" time="0.0">
    <system-out><![CDATA[✅ Reservation added successfully!
]]></system-out>
  </testcase>
  <testcase name="test0786" classname="RegressionTest1" time="0.0">
    <system-out><![CDATA[✅ Reservation added successfully!
]]></system-out>
  </testcase>
  <testcase name="test0787" classname="RegressionTest1" time="0.0">
    <system-out><![CDATA[✅ Reservation added successfully!
]]></system-out>
  </testcase>
  <testcase name="test0788" classname="RegressionTest1" time="0.001">
    <system-out><![CDATA[✅ Reservation added successfully!
]]></system-out>
  </testcase>
  <testcase name="test0789" classname="RegressionTest1" time="0.0">
    <system-out><![CDATA[✅ Reservation added successfully!
]]></system-out>
  </testcase>
  <testcase name="test0790" classname="RegressionTest1" time="0.0">
    <system-out><![CDATA[✅ Reservation added successfully!
]]></system-out>
  </testcase>
  <testcase name="test0791" classname="RegressionTest1" time="0.0">
    <system-out><![CDATA[✅ Reservation added successfully!
]]></system-out>
  </testcase>
  <testcase name="test0792" classname="RegressionTest1" time="0.001">
    <system-out><![CDATA[✅ Reservation added successfully!
]]></system-out>
  </testcase>
  <testcase name="test0793" classname="RegressionTest1" time="0.0">
    <system-out><![CDATA[✅ Reservation added successfully!
]]></system-out>
  </testcase>
  <testcase name="test0794" classname="RegressionTest1" time="0.0">
    <system-out><![CDATA[✅ Reservation added successfully!
]]></system-out>
  </testcase>
  <testcase name="test0795" classname="RegressionTest1" time="0.0">
    <system-out><![CDATA[✅ Reservation added successfully!
]]></system-out>
  </testcase>
  <testcase name="test0796" classname="RegressionTest1" time="0.0">
    <system-out><![CDATA[✅ Reservation added successfully!
]]></system-out>
  </testcase>
  <testcase name="test0797" classname="RegressionTest1" time="0.0"/>
  <testcase name="test0798" classname="RegressionTest1" time="0.001">
    <system-out><![CDATA[✅ Reservation added successfully!
]]></system-out>
  </testcase>
  <testcase name="test0799" classname="RegressionTest1" time="0.0">
    <system-out><![CDATA[✅ Reservation added successfully!
]]></system-out>
  </testcase>
  <testcase name="test0800" classname="RegressionTest1" time="0.0">
    <system-out><![CDATA[✅ Reservation added successfully!
]]></system-out>
  </testcase>
  <testcase name="test0801" classname="RegressionTest1" time="0.0">
    <system-out><![CDATA[✅ Reservation added successfully!
]]></system-out>
  </testcase>
  <testcase name="test0802" classname="RegressionTest1" time="0.0">
    <system-out><![CDATA[✅ Reservation added successfully!
]]></system-out>
  </testcase>
  <testcase name="test0803" classname="RegressionTest1" time="0.0"/>
  <testcase name="test0804" classname="RegressionTest1" time="0.0">
    <system-out><![CDATA[✅ Reservation added successfully!
]]></system-out>
  </testcase>
  <testcase name="test0805" classname="RegressionTest1" time="0.0">
    <system-out><![CDATA[✅ Reservation added successfully!
]]></system-out>
  </testcase>
  <testcase name="test0806" classname="RegressionTest1" time="0.0">
    <system-out><![CDATA[✅ Reservation added successfully!
]]></system-out>
  </testcase>
  <testcase name="test0807" classname="RegressionTest1" time="0.001">
    <system-out><![CDATA[✅ Reservation added successfully!
]]></system-out>
  </testcase>
  <testcase name="test0808" classname="RegressionTest1" time="0.0">
    <system-out><![CDATA[✅ Reservation added successfully!
]]></system-out>
  </testcase>
  <testcase name="test0809" classname="RegressionTest1" time="0.0">
    <system-out><![CDATA[✅ Reservation added successfully!
]]></system-out>
  </testcase>
  <testcase name="test0810" classname="RegressionTest1" time="0.001">
    <system-out><![CDATA[✅ Reservation added successfully!
]]></system-out>
  </testcase>
  <testcase name="test0811" classname="RegressionTest1" time="0.0">
    <system-out><![CDATA[✅ Reservation added successfully!
]]></system-out>
  </testcase>
  <testcase name="test0812" classname="RegressionTest1" time="0.0">
    <system-out><![CDATA[✅ Reservation added successfully!
]]></system-out>
  </testcase>
  <testcase name="test0813" classname="RegressionTest1" time="0.0">
    <system-out><![CDATA[✅ Reservation added successfully!
]]></system-out>
  </testcase>
  <testcase name="test0814" classname="RegressionTest1" time="0.0">
    <system-out><![CDATA[✅ Reservation added successfully!
]]></system-out>
  </testcase>
  <testcase name="test0815" classname="RegressionTest1" time="0.0">
    <system-out><![CDATA[✅ Reservation added successfully!
]]></system-out>
  </testcase>
  <testcase name="test0816" classname="RegressionTest1" time="0.0">
    <system-out><![CDATA[✅ Reservation added successfully!
]]></system-out>
  </testcase>
  <testcase name="test0817" classname="RegressionTest1" time="0.0">
    <system-out><![CDATA[✅ Reservation added successfully!
]]></system-out>
  </testcase>
  <testcase name="test0818" classname="RegressionTest1" time="0.0">
    <system-out><![CDATA[✅ Reservation added successfully!
]]></system-out>
  </testcase>
  <testcase name="test0819" classname="RegressionTest1" time="0.0">
    <system-out><![CDATA[✅ Reservation added successfully!
]]></system-out>
  </testcase>
  <testcase name="test0820" classname="RegressionTest1" time="0.0">
    <system-out><![CDATA[✅ Reservation added successfully!
]]></system-out>
  </testcase>
  <testcase name="test0821" classname="RegressionTest1" time="0.0">
    <system-out><![CDATA[✅ Reservation added successfully!
]]></system-out>
  </testcase>
  <testcase name="test0822" classname="RegressionTest1" time="0.0">
    <system-out><![CDATA[✅ Reservation added successfully!
]]></system-out>
  </testcase>
  <testcase name="test0823" classname="RegressionTest1" time="0.0">
    <system-out><![CDATA[✅ Reservation added successfully!
]]></system-out>
  </testcase>
  <testcase name="test0824" classname="RegressionTest1" time="0.0">
    <system-out><![CDATA[✅ Reservation added successfully!
]]></system-out>
  </testcase>
  <testcase name="test0825" classname="RegressionTest1" time="0.0">
    <system-out><![CDATA[✅ Reservation added successfully!
]]></system-out>
  </testcase>
  <testcase name="test0826" classname="RegressionTest1" time="0.0">
    <system-out><![CDATA[✅ Reservation added successfully!
]]></system-out>
  </testcase>
  <testcase name="test0827" classname="RegressionTest1" time="0.0">
    <system-out><![CDATA[✅ Reservation added successfully!
]]></system-out>
  </testcase>
  <testcase name="test0828" classname="RegressionTest1" time="0.0">
    <system-out><![CDATA[✅ Reservation added successfully!
]]></system-out>
  </testcase>
  <testcase name="test0829" classname="RegressionTest1" time="0.0">
    <system-out><![CDATA[✅ Reservation added successfully!
]]></system-out>
  </testcase>
  <testcase name="test0830" classname="RegressionTest1" time="0.0">
    <system-out><![CDATA[✅ Reservation added successfully!
]]></system-out>
  </testcase>
  <testcase name="test0831" classname="RegressionTest1" time="0.0">
    <system-out><![CDATA[✅ Reservation added successfully!
]]></system-out>
  </testcase>
  <testcase name="test0832" classname="RegressionTest1" time="0.001">
    <system-out><![CDATA[✅ Reservation added successfully!
]]></system-out>
  </testcase>
  <testcase name="test0833" classname="RegressionTest1" time="0.0">
    <system-out><![CDATA[✅ Reservation added successfully!
]]></system-out>
  </testcase>
  <testcase name="test0834" classname="RegressionTest1" time="0.0">
    <system-out><![CDATA[✅ Reservation added successfully!
]]></system-out>
  </testcase>
  <testcase name="test0835" classname="RegressionTest1" time="0.0">
    <system-out><![CDATA[✅ Reservation added successfully!
]]></system-out>
  </testcase>
  <testcase name="test0836" classname="RegressionTest1" time="0.001">
    <system-out><![CDATA[✅ Reservation added successfully!
]]></system-out>
  </testcase>
  <testcase name="test0837" classname="RegressionTest1" time="0.0">
    <system-out><![CDATA[✅ Reservation added successfully!
]]></system-out>
  </testcase>
  <testcase name="test0838" classname="RegressionTest1" time="0.0">
    <system-out><![CDATA[✅ Reservation added successfully!
]]></system-out>
  </testcase>
  <testcase name="test0839" classname="RegressionTest1" time="0.0">
    <system-out><![CDATA[✅ Reservation added successfully!
]]></system-out>
  </testcase>
  <testcase name="test0840" classname="RegressionTest1" time="0.001">
    <system-out><![CDATA[✅ Reservation added successfully!
]]></system-out>
  </testcase>
  <testcase name="test0841" classname="RegressionTest1" time="0.0">
    <system-out><![CDATA[✅ Reservation added successfully!
]]></system-out>
  </testcase>
  <testcase name="test0842" classname="RegressionTest1" time="0.0">
    <system-out><![CDATA[✅ Reservation added successfully!
]]></system-out>
  </testcase>
  <testcase name="test0843" classname="RegressionTest1" time="0.0">
    <system-out><![CDATA[✅ Reservation added successfully!
]]></system-out>
  </testcase>
  <testcase name="test0844" classname="RegressionTest1" time="0.001">
    <system-out><![CDATA[✅ Reservation added successfully!
]]></system-out>
  </testcase>
  <testcase name="test0845" classname="RegressionTest1" time="0.0">
    <system-out><![CDATA[✅ Reservation added successfully!
]]></system-out>
  </testcase>
  <testcase name="test0846" classname="RegressionTest1" time="0.0">
    <system-out><![CDATA[✅ Reservation added successfully!
]]></system-out>
  </testcase>
  <testcase name="test0847" classname="RegressionTest1" time="0.0">
    <system-out><![CDATA[✅ Reservation added successfully!
]]></system-out>
  </testcase>
  <testcase name="test0848" classname="RegressionTest1" time="0.0">
    <system-out><![CDATA[✅ Reservation added successfully!
]]></system-out>
  </testcase>
  <testcase name="test0849" classname="RegressionTest1" time="0.0">
    <system-out><![CDATA[✅ Reservation added successfully!
]]></system-out>
  </testcase>
  <testcase name="test0850" classname="RegressionTest1" time="0.0">
    <system-out><![CDATA[✅ Reservation added successfully!
]]></system-out>
  </testcase>
  <testcase name="test0851" classname="RegressionTest1" time="0.0">
    <system-out><![CDATA[✅ Reservation added successfully!
]]></system-out>
  </testcase>
  <testcase name="test0852" classname="RegressionTest1" time="0.0">
    <system-out><![CDATA[✅ Reservation added successfully!
]]></system-out>
  </testcase>
  <testcase name="test0853" classname="RegressionTest1" time="0.0">
    <system-out><![CDATA[✅ Reservation added successfully!
]]></system-out>
  </testcase>
  <testcase name="test0854" classname="RegressionTest1" time="0.0">
    <system-out><![CDATA[✅ Reservation added successfully!
]]></system-out>
  </testcase>
  <testcase name="test0855" classname="RegressionTest1" time="0.0">
    <system-out><![CDATA[✅ Reservation added successfully!
]]></system-out>
  </testcase>
  <testcase name="test0856" classname="RegressionTest1" time="0.001">
    <system-out><![CDATA[✅ Reservation added successfully!
]]></system-out>
  </testcase>
  <testcase name="test0857" classname="RegressionTest1" time="0.0">
    <system-out><![CDATA[✅ Reservation added successfully!
]]></system-out>
  </testcase>
  <testcase name="test0858" classname="RegressionTest1" time="0.0">
    <system-out><![CDATA[✅ Reservation added successfully!
]]></system-out>
  </testcase>
  <testcase name="test0859" classname="RegressionTest1" time="0.0">
    <system-out><![CDATA[✅ Reservation added successfully!
]]></system-out>
  </testcase>
  <testcase name="test0860" classname="RegressionTest1" time="0.0">
    <system-out><![CDATA[✅ Reservation added successfully!
]]></system-out>
  </testcase>
  <testcase name="test0861" classname="RegressionTest1" time="0.001">
    <system-out><![CDATA[✅ Reservation added successfully!
]]></system-out>
  </testcase>
  <testcase name="test0862" classname="RegressionTest1" time="0.0">
    <system-out><![CDATA[✅ Reservation added successfully!
]]></system-out>
  </testcase>
  <testcase name="test0863" classname="RegressionTest1" time="0.0">
    <system-out><![CDATA[✅ Reservation added successfully!
]]></system-out>
  </testcase>
  <testcase name="test0864" classname="RegressionTest1" time="0.0">
    <system-out><![CDATA[✅ Reservation added successfully!
]]></system-out>
  </testcase>
  <testcase name="test0865" classname="RegressionTest1" time="0.0">
    <system-out><![CDATA[✅ Reservation added successfully!
]]></system-out>
  </testcase>
  <testcase name="test0866" classname="RegressionTest1" time="0.001">
    <system-out><![CDATA[✅ Reservation added successfully!
]]></system-out>
  </testcase>
  <testcase name="test0867" classname="RegressionTest1" time="0.0">
    <system-out><![CDATA[✅ Reservation added successfully!
]]></system-out>
  </testcase>
  <testcase name="test0868" classname="RegressionTest1" time="0.0">
    <system-out><![CDATA[✅ Reservation added successfully!
]]></system-out>
  </testcase>
  <testcase name="test0869" classname="RegressionTest1" time="0.0">
    <system-out><![CDATA[✅ Reservation added successfully!
]]></system-out>
  </testcase>
  <testcase name="test0870" classname="RegressionTest1" time="0.0">
    <system-out><![CDATA[✅ Reservation added successfully!
]]></system-out>
  </testcase>
  <testcase name="test0871" classname="RegressionTest1" time="0.001">
    <system-out><![CDATA[✅ Reservation added successfully!
]]></system-out>
  </testcase>
  <testcase name="test0872" classname="RegressionTest1" time="0.0">
    <system-out><![CDATA[✅ Reservation added successfully!
]]></system-out>
  </testcase>
  <testcase name="test0873" classname="RegressionTest1" time="0.0">
    <system-out><![CDATA[✅ Reservation added successfully!
]]></system-out>
  </testcase>
  <testcase name="test0874" classname="RegressionTest1" time="0.0">
    <system-out><![CDATA[✅ Reservation added successfully!
]]></system-out>
  </testcase>
  <testcase name="test0875" classname="RegressionTest1" time="0.0">
    <system-out><![CDATA[✅ Reservation added successfully!
]]></system-out>
  </testcase>
  <testcase name="test0876" classname="RegressionTest1" time="0.001">
    <system-out><![CDATA[✅ Reservation added successfully!
]]></system-out>
  </testcase>
  <testcase name="test0877" classname="RegressionTest1" time="0.0">
    <system-out><![CDATA[✅ Reservation added successfully!
]]></system-out>
  </testcase>
  <testcase name="test0878" classname="RegressionTest1" time="0.0">
    <system-out><![CDATA[✅ Reservation added successfully!
]]></system-out>
  </testcase>
  <testcase name="test0879" classname="RegressionTest1" time="0.0">
    <system-out><![CDATA[✅ Reservation added successfully!
]]></system-out>
  </testcase>
  <testcase name="test0880" classname="RegressionTest1" time="0.0">
    <system-out><![CDATA[✅ Reservation added successfully!
]]></system-out>
  </testcase>
  <testcase name="test0881" classname="RegressionTest1" time="0.0">
    <system-out><![CDATA[✅ Reservation added successfully!
]]></system-out>
  </testcase>
  <testcase name="test0882" classname="RegressionTest1" time="0.0">
    <system-out><![CDATA[✅ Reservation added successfully!
]]></system-out>
  </testcase>
  <testcase name="test0883" classname="RegressionTest1" time="0.0">
    <system-out><![CDATA[✅ Reservation added successfully!
]]></system-out>
  </testcase>
  <testcase name="test0884" classname="RegressionTest1" time="0.002">
    <system-out><![CDATA[✅ Reservation added successfully!
]]></system-out>
  </testcase>
  <testcase name="test0885" classname="RegressionTest1" time="0.0">
    <system-out><![CDATA[✅ Reservation added successfully!
]]></system-out>
  </testcase>
  <testcase name="test0886" classname="RegressionTest1" time="0.0">
    <system-out><![CDATA[✅ Reservation added successfully!
]]></system-out>
  </testcase>
  <testcase name="test0887" classname="RegressionTest1" time="0.0">
    <system-out><![CDATA[✅ Reservation added successfully!
]]></system-out>
  </testcase>
  <testcase name="test0888" classname="RegressionTest1" time="0.001">
    <system-out><![CDATA[✅ Reservation added successfully!
]]></system-out>
  </testcase>
  <testcase name="test0889" classname="RegressionTest1" time="0.0">
    <system-out><![CDATA[✅ Reservation added successfully!
]]></system-out>
  </testcase>
  <testcase name="test0890" classname="RegressionTest1" time="0.0">
    <system-out><![CDATA[✅ Reservation added successfully!
]]></system-out>
  </testcase>
  <testcase name="test0891" classname="RegressionTest1" time="0.0">
    <system-out><![CDATA[✅ Reservation added successfully!
]]></system-out>
  </testcase>
  <testcase name="test0892" classname="RegressionTest1" time="0.001">
    <system-out><![CDATA[✅ Reservation added successfully!
]]></system-out>
  </testcase>
  <testcase name="test0893" classname="RegressionTest1" time="0.0">
    <system-out><![CDATA[✅ Reservation added successfully!
]]></system-out>
  </testcase>
  <testcase name="test0894" classname="RegressionTest1" time="0.0">
    <system-out><![CDATA[✅ Reservation added successfully!
]]></system-out>
  </testcase>
  <testcase name="test0895" classname="RegressionTest1" time="0.001">
    <system-out><![CDATA[✅ Reservation added successfully!
]]></system-out>
  </testcase>
  <testcase name="test0896" classname="RegressionTest1" time="0.0">
    <system-out><![CDATA[✅ Reservation added successfully!
]]></system-out>
  </testcase>
  <testcase name="test0897" classname="RegressionTest1" time="0.001">
    <system-out><![CDATA[✅ Reservation added successfully!
]]></system-out>
  </testcase>
  <testcase name="test0898" classname="RegressionTest1" time="0.0">
    <system-out><![CDATA[✅ Reservation added successfully!
]]></system-out>
  </testcase>
  <testcase name="test0899" classname="RegressionTest1" time="0.0">
    <system-out><![CDATA[✅ Reservation added successfully!
]]></system-out>
  </testcase>
  <testcase name="test0900" classname="RegressionTest1" time="0.0">
    <system-out><![CDATA[✅ Reservation added successfully!
]]></system-out>
  </testcase>
  <testcase name="test0901" classname="RegressionTest1" time="0.0">
    <system-out><![CDATA[✅ Reservation added successfully!
]]></system-out>
  </testcase>
  <testcase name="test0902" classname="RegressionTest1" time="0.001">
    <system-out><![CDATA[✅ Reservation added successfully!
]]></system-out>
  </testcase>
  <testcase name="test0903" classname="RegressionTest1" time="0.0">
    <system-out><![CDATA[✅ Reservation added successfully!
]]></system-out>
  </testcase>
  <testcase name="test0904" classname="RegressionTest1" time="0.0">
    <system-out><![CDATA[✅ Reservation added successfully!
]]></system-out>
  </testcase>
  <testcase name="test0905" classname="RegressionTest1" time="0.0">
    <system-out><![CDATA[✅ Reservation added successfully!
]]></system-out>
  </testcase>
  <testcase name="test0906" classname="RegressionTest1" time="0.0">
    <system-out><![CDATA[✅ Reservation added successfully!
]]></system-out>
  </testcase>
  <testcase name="test0907" classname="RegressionTest1" time="0.0">
    <system-out><![CDATA[✅ Reservation added successfully!
]]></system-out>
  </testcase>
  <testcase name="test0908" classname="RegressionTest1" time="0.0">
    <system-out><![CDATA[✅ Reservation added successfully!
]]></system-out>
  </testcase>
  <testcase name="test0909" classname="RegressionTest1" time="0.0">
    <system-out><![CDATA[✅ Reservation added successfully!
]]></system-out>
  </testcase>
  <testcase name="test0910" classname="RegressionTest1" time="0.0">
    <system-out><![CDATA[✅ Reservation added successfully!
]]></system-out>
  </testcase>
  <testcase name="test0911" classname="RegressionTest1" time="0.0">
    <system-out><![CDATA[✅ Reservation added successfully!
]]></system-out>
  </testcase>
  <testcase name="test0912" classname="RegressionTest1" time="0.0">
    <system-out><![CDATA[✅ Reservation added successfully!
]]></system-out>
  </testcase>
  <testcase name="test0913" classname="RegressionTest1" time="0.0">
    <system-out><![CDATA[✅ Reservation added successfully!
]]></system-out>
  </testcase>
  <testcase name="test0914" classname="RegressionTest1" time="0.0">
    <system-out><![CDATA[✅ Reservation added successfully!
]]></system-out>
  </testcase>
  <testcase name="test0915" classname="RegressionTest1" time="0.0">
    <system-out><![CDATA[✅ Reservation added successfully!
]]></system-out>
  </testcase>
  <testcase name="test0916" classname="RegressionTest1" time="0.0">
    <system-out><![CDATA[✅ Reservation added successfully!
]]></system-out>
  </testcase>
  <testcase name="test0917" classname="RegressionTest1" time="0.0">
    <system-out><![CDATA[✅ Reservation added successfully!
]]></system-out>
  </testcase>
  <testcase name="test0918" classname="RegressionTest1" time="0.001">
    <system-out><![CDATA[✅ Reservation added successfully!
]]></system-out>
  </testcase>
  <testcase name="test0919" classname="RegressionTest1" time="0.0">
    <system-out><![CDATA[✅ Reservation added successfully!
]]></system-out>
  </testcase>
  <testcase name="test0920" classname="RegressionTest1" time="0.001">
    <system-out><![CDATA[✅ Reservation added successfully!
]]></system-out>
  </testcase>
  <testcase name="test0921" classname="RegressionTest1" time="0.0">
    <system-out><![CDATA[✅ Reservation added successfully!
]]></system-out>
  </testcase>
  <testcase name="test0922" classname="RegressionTest1" time="0.0">
    <system-out><![CDATA[✅ Reservation added successfully!
]]></system-out>
  </testcase>
  <testcase name="test0923" classname="RegressionTest1" time="0.0">
    <system-out><![CDATA[✅ Reservation added successfully!
]]></system-out>
  </testcase>
  <testcase name="test0924" classname="RegressionTest1" time="0.001">
    <system-out><![CDATA[✅ Reservation added successfully!
]]></system-out>
  </testcase>
  <testcase name="test0925" classname="RegressionTest1" time="0.0">
    <system-out><![CDATA[✅ Reservation added successfully!
]]></system-out>
  </testcase>
  <testcase name="test0926" classname="RegressionTest1" time="0.0">
    <system-out><![CDATA[✅ Reservation added successfully!
]]></system-out>
  </testcase>
  <testcase name="test0927" classname="RegressionTest1" time="0.0">
    <system-out><![CDATA[✅ Reservation added successfully!
]]></system-out>
  </testcase>
  <testcase name="test0928" classname="RegressionTest1" time="0.001">
    <system-out><![CDATA[✅ Reservation added successfully!
]]></system-out>
  </testcase>
  <testcase name="test0929" classname="RegressionTest1" time="0.0">
    <system-out><![CDATA[✅ Reservation added successfully!
]]></system-out>
  </testcase>
  <testcase name="test0930" classname="RegressionTest1" time="0.0">
    <system-out><![CDATA[✅ Reservation added successfully!
]]></system-out>
  </testcase>
  <testcase name="test0931" classname="RegressionTest1" time="0.0">
    <system-out><![CDATA[✅ Reservation added successfully!
]]></system-out>
  </testcase>
  <testcase name="test0932" classname="RegressionTest1" time="0.0">
    <system-out><![CDATA[✅ Reservation added successfully!
]]></system-out>
  </testcase>
  <testcase name="test0933" classname="RegressionTest1" time="0.0">
    <system-out><![CDATA[✅ Reservation added successfully!
]]></system-out>
  </testcase>
  <testcase name="test0934" classname="RegressionTest1" time="0.0">
    <system-out><![CDATA[✅ Reservation added successfully!
]]></system-out>
  </testcase>
  <testcase name="test0935" classname="RegressionTest1" time="0.0">
    <system-out><![CDATA[✅ Reservation added successfully!
]]></system-out>
  </testcase>
  <testcase name="test0936" classname="RegressionTest1" time="0.0">
    <system-out><![CDATA[✅ Reservation added successfully!
]]></system-out>
  </testcase>
  <testcase name="test0937" classname="RegressionTest1" time="0.0">
    <system-out><![CDATA[✅ Reservation added successfully!
]]></system-out>
  </testcase>
  <testcase name="test0938" classname="RegressionTest1" time="0.0">
    <system-out><![CDATA[✅ Reservation added successfully!
]]></system-out>
  </testcase>
  <testcase name="test0939" classname="RegressionTest1" time="0.0">
    <system-out><![CDATA[✅ Reservation added successfully!
]]></system-out>
  </testcase>
  <testcase name="test0940" classname="RegressionTest1" time="0.001">
    <system-out><![CDATA[✅ Reservation added successfully!
]]></system-out>
  </testcase>
  <testcase name="test0941" classname="RegressionTest1" time="0.0">
    <system-out><![CDATA[✅ Reservation added successfully!
]]></system-out>
  </testcase>
  <testcase name="test0942" classname="RegressionTest1" time="0.0">
    <system-out><![CDATA[✅ Reservation added successfully!
]]></system-out>
  </testcase>
  <testcase name="test0943" classname="RegressionTest1" time="0.002">
    <system-out><![CDATA[✅ Reservation added successfully!
]]></system-out>
  </testcase>
  <testcase name="test0944" classname="RegressionTest1" time="0.0">
    <system-out><![CDATA[✅ Reservation added successfully!
]]></system-out>
  </testcase>
  <testcase name="test0945" classname="RegressionTest1" time="0.0">
    <system-out><![CDATA[✅ Reservation added successfully!
]]></system-out>
  </testcase>
  <testcase name="test0946" classname="RegressionTest1" time="0.0">
    <system-out><![CDATA[✅ Reservation added successfully!
]]></system-out>
  </testcase>
  <testcase name="test0947" classname="RegressionTest1" time="0.0">
    <system-out><![CDATA[✅ Reservation added successfully!
]]></system-out>
  </testcase>
  <testcase name="test0948" classname="RegressionTest1" time="0.0">
    <system-out><![CDATA[✅ Reservation added successfully!
]]></system-out>
  </testcase>
  <testcase name="test0949" classname="RegressionTest1" time="0.001">
    <system-out><![CDATA[✅ Reservation added successfully!
]]></system-out>
  </testcase>
  <testcase name="test0950" classname="RegressionTest1" time="0.0">
    <system-out><![CDATA[✅ Reservation added successfully!
]]></system-out>
  </testcase>
  <testcase name="test0951" classname="RegressionTest1" time="0.0">
    <system-out><![CDATA[✅ Reservation added successfully!
]]></system-out>
  </testcase>
  <testcase name="test0952" classname="RegressionTest1" time="0.0">
    <system-out><![CDATA[✅ Reservation added successfully!
]]></system-out>
  </testcase>
  <testcase name="test0953" classname="RegressionTest1" time="0.001">
    <system-out><![CDATA[✅ Reservation added successfully!
]]></system-out>
  </testcase>
  <testcase name="test0954" classname="RegressionTest1" time="0.0">
    <system-out><![CDATA[✅ Reservation added successfully!
]]></system-out>
  </testcase>
  <testcase name="test0955" classname="RegressionTest1" time="0.0">
    <system-out><![CDATA[✅ Reservation added successfully!
]]></system-out>
  </testcase>
  <testcase name="test0956" classname="RegressionTest1" time="0.0">
    <system-out><![CDATA[✅ Reservation added successfully!
]]></system-out>
  </testcase>
  <testcase name="test0957" classname="RegressionTest1" time="0.0">
    <system-out><![CDATA[✅ Reservation added successfully!
]]></system-out>
  </testcase>
  <testcase name="test0958" classname="RegressionTest1" time="0.0">
    <system-out><![CDATA[✅ Reservation added successfully!
]]></system-out>
  </testcase>
  <testcase name="test0959" classname="RegressionTest1" time="0.0">
    <system-out><![CDATA[✅ Reservation added successfully!
]]></system-out>
  </testcase>
  <testcase name="test0960" classname="RegressionTest1" time="0.0">
    <system-out><![CDATA[✅ Reservation added successfully!
]]></system-out>
  </testcase>
  <testcase name="test0961" classname="RegressionTest1" time="0.0">
    <system-out><![CDATA[✅ Reservation added successfully!
]]></system-out>
  </testcase>
  <testcase name="test0962" classname="RegressionTest1" time="0.001">
    <system-out><![CDATA[✅ Reservation added successfully!
]]></system-out>
  </testcase>
  <testcase name="test0963" classname="RegressionTest1" time="0.0">
    <system-out><![CDATA[✅ Reservation added successfully!
]]></system-out>
  </testcase>
  <testcase name="test0964" classname="RegressionTest1" time="0.0">
    <system-out><![CDATA[✅ Reservation added successfully!
]]></system-out>
  </testcase>
  <testcase name="test0965" classname="RegressionTest1" time="0.001">
    <system-out><![CDATA[✅ Reservation added successfully!
]]></system-out>
  </testcase>
  <testcase name="test0966" classname="RegressionTest1" time="0.0">
    <system-out><![CDATA[✅ Reservation added successfully!
]]></system-out>
  </testcase>
  <testcase name="test0967" classname="RegressionTest1" time="0.0">
    <system-out><![CDATA[✅ Reservation added successfully!
]]></system-out>
  </testcase>
  <testcase name="test0968" classname="RegressionTest1" time="0.0">
    <system-out><![CDATA[✅ Reservation added successfully!
]]></system-out>
  </testcase>
  <testcase name="test0969" classname="RegressionTest1" time="0.001">
    <system-out><![CDATA[✅ Reservation added successfully!
]]></system-out>
  </testcase>
  <testcase name="test0970" classname="RegressionTest1" time="0.0">
    <system-out><![CDATA[✅ Reservation added successfully!
]]></system-out>
  </testcase>
  <testcase name="test0971" classname="RegressionTest1" time="0.0">
    <system-out><![CDATA[✅ Reservation added successfully!
]]></system-out>
  </testcase>
  <testcase name="test0972" classname="RegressionTest1" time="0.0">
    <system-out><![CDATA[✅ Reservation added successfully!
]]></system-out>
  </testcase>
  <testcase name="test0973" classname="RegressionTest1" time="0.001">
    <system-out><![CDATA[✅ Reservation added successfully!
]]></system-out>
  </testcase>
  <testcase name="test0974" classname="RegressionTest1" time="0.0">
    <system-out><![CDATA[✅ Reservation added successfully!
]]></system-out>
  </testcase>
  <testcase name="test0975" classname="RegressionTest1" time="0.0">
    <system-out><![CDATA[✅ Reservation added successfully!
]]></system-out>
  </testcase>
  <testcase name="test0976" classname="RegressionTest1" time="0.0">
    <system-out><![CDATA[✅ Reservation added successfully!
]]></system-out>
  </testcase>
  <testcase name="test0977" classname="RegressionTest1" time="0.0">
    <system-out><![CDATA[✅ Reservation added successfully!
]]></system-out>
  </testcase>
  <testcase name="test0978" classname="RegressionTest1" time="0.0">
    <system-out><![CDATA[✅ Reservation added successfully!
]]></system-out>
  </testcase>
  <testcase name="test0979" classname="RegressionTest1" time="0.0">
    <system-out><![CDATA[✅ Reservation added successfully!
]]></system-out>
  </testcase>
  <testcase name="test0980" classname="RegressionTest1" time="0.0">
    <system-out><![CDATA[✅ Reservation added successfully!
]]></system-out>
  </testcase>
  <testcase name="test0981" classname="RegressionTest1" time="0.0">
    <system-out><![CDATA[✅ Reservation added successfully!
]]></system-out>
  </testcase>
  <testcase name="test0982" classname="RegressionTest1" time="0.0">
    <system-out><![CDATA[✅ Reservation added successfully!
]]></system-out>
  </testcase>
  <testcase name="test0983" classname="RegressionTest1" time="0.0">
    <system-out><![CDATA[✅ Reservation added successfully!
]]></system-out>
  </testcase>
  <testcase name="test0984" classname="RegressionTest1" time="0.0">
    <system-out><![CDATA[✅ Reservation added successfully!
]]></system-out>
  </testcase>
  <testcase name="test0985" classname="RegressionTest1" time="0.001">
    <system-out><![CDATA[✅ Reservation added successfully!
]]></system-out>
  </testcase>
  <testcase name="test0986" classname="RegressionTest1" time="0.0">
    <system-out><![CDATA[✅ Reservation added successfully!
]]></system-out>
  </testcase>
  <testcase name="test0987" classname="RegressionTest1" time="0.0">
    <system-out><![CDATA[✅ Reservation added successfully!
]]></system-out>
  </testcase>
  <testcase name="test0988" classname="RegressionTest1" time="0.0">
    <system-out><![CDATA[✅ Reservation added successfully!
]]></system-out>
  </testcase>
  <testcase name="test0989" classname="RegressionTest1" time="0.001">
    <system-out><![CDATA[✅ Reservation added successfully!
]]></system-out>
  </testcase>
  <testcase name="test0990" classname="RegressionTest1" time="0.0">
    <system-out><![CDATA[✅ Reservation added successfully!
]]></system-out>
  </testcase>
  <testcase name="test0991" classname="RegressionTest1" time="0.0">
    <system-out><![CDATA[✅ Reservation added successfully!
]]></system-out>
  </testcase>
  <testcase name="test0992" classname="RegressionTest1" time="0.0">
    <system-out><![CDATA[✅ Reservation added successfully!
]]></system-out>
  </testcase>
  <testcase name="test0993" classname="RegressionTest1" time="0.0">
    <system-out><![CDATA[✅ Reservation added successfully!
]]></system-out>
  </testcase>
  <testcase name="test0994" classname="RegressionTest1" time="0.001">
    <system-out><![CDATA[✅ Reservation added successfully!
]]></system-out>
  </testcase>
  <testcase name="test0995" classname="RegressionTest1" time="0.0">
    <system-out><![CDATA[✅ Reservation added successfully!
]]></system-out>
  </testcase>
  <testcase name="test0996" classname="RegressionTest1" time="0.0">
    <system-out><![CDATA[✅ Reservation added successfully!
]]></system-out>
  </testcase>
  <testcase name="test0997" classname="RegressionTest1" time="0.0">
    <system-out><![CDATA[✅ Reservation added successfully!
]]></system-out>
  </testcase>
  <testcase name="test0998" classname="RegressionTest1" time="0.0">
    <system-out><![CDATA[✅ Reservation added successfully!
]]></system-out>
  </testcase>
  <testcase name="test0999" classname="RegressionTest1" time="0.001">
    <system-out><![CDATA[✅ Reservation added successfully!
]]></system-out>
  </testcase>
  <testcase name="test1000" classname="RegressionTest1" time="0.0">
    <system-out><![CDATA[✅ Reservation added successfully!
]]></system-out>
  </testcase>
</testsuite>